2025-12-12 09:20:15.515 [lettuce-eventExecutorLoop-1-5] INFO  i.l.core.protocol.ConnectionWatchdog - Reconnecting, last destination was 192.168.64.128:6379
2025-12-12 09:20:25.499 [lettuce-nioEventLoop-4-15] INFO  i.l.c.protocol.ReconnectionHandler - Reconnected to 192.168.64.128:6379
2025-12-12 09:20:42.502 [HikariPool-1 housekeeper] WARN  com.zaxxer.hikari.pool.HikariPool - HikariPool-1 - Thread starvation or clock leap detected (housekeeper delta=12h51m42s635ms766µs200ns).
2025-12-12 09:38:00.992 [SpringApplicationShutdownHook] INFO  com.zaxxer.hikari.HikariDataSource - HikariPool-1 - Shutdown initiated...
2025-12-12 09:38:01.002 [SpringApplicationShutdownHook] INFO  com.zaxxer.hikari.HikariDataSource - HikariPool-1 - Shutdown completed.
2025-12-12 09:38:06.612 [main] INFO  com.example.AimatchApplication - Starting AimatchApplication using Java 1.8.0_131 on wk with PID 24956 (D:\指标建设\AIMatch\aimatch\target\classes started by wk794 in D:\指标建设\AIMatch\aimatch)
2025-12-12 09:38:06.610 [background-preinit] INFO  o.h.validator.internal.util.Version - HV000001: Hibernate Validator 6.2.5.Final
2025-12-12 09:38:06.613 [main] DEBUG com.example.AimatchApplication - Running with Spring Boot v2.7.15, Spring v5.3.29
2025-12-12 09:38:06.613 [main] INFO  com.example.AimatchApplication - No active profile set, falling back to 1 default profile: "default"
2025-12-12 09:38:07.260 [main] INFO  o.s.d.r.c.RepositoryConfigurationDelegate - Multiple Spring Data modules found, entering strict repository configuration mode
2025-12-12 09:38:07.262 [main] INFO  o.s.d.r.c.RepositoryConfigurationDelegate - Bootstrapping Spring Data Redis repositories in DEFAULT mode.
2025-12-12 09:38:07.284 [main] INFO  o.s.d.r.c.RepositoryConfigurationDelegate - Finished Spring Data repository scanning in 12 ms. Found 0 Redis repository interfaces.
2025-12-12 09:38:07.693 [main] INFO  o.s.b.w.e.tomcat.TomcatWebServer - Tomcat initialized with port(s): 8088 (http)
2025-12-12 09:38:07.698 [main] INFO  o.a.coyote.http11.Http11NioProtocol - Initializing ProtocolHandler ["http-nio-8088"]
2025-12-12 09:38:07.699 [main] INFO  o.a.catalina.core.StandardService - Starting service [Tomcat]
2025-12-12 09:38:07.699 [main] INFO  o.a.catalina.core.StandardEngine - Starting Servlet engine: [Apache Tomcat/9.0.79]
2025-12-12 09:38:07.797 [main] INFO  o.a.c.c.C.[Tomcat].[localhost].[/] - Initializing Spring embedded WebApplicationContext
2025-12-12 09:38:07.797 [main] INFO  o.s.b.w.s.c.ServletWebServerApplicationContext - Root WebApplicationContext: initialization completed in 1154 ms
2025-12-12 09:38:08.204 [main] WARN  c.b.m.core.metadata.TableInfoHelper - Can not find table primary key in Class: "com.example.entity.TImMessage".
2025-12-12 09:38:08.204 [main] WARN  c.b.m.c.injector.DefaultSqlInjector - class com.example.entity.TImMessage ,Not found @TableId annotation, Cannot use Mybatis-Plus 'xxById' Method.
2025-12-12 09:38:09.319 [main] INFO  com.example.config.Knife4jConfig - http://localhost:8088/doc.html
2025-12-12 09:38:10.259 [main] INFO  o.a.coyote.http11.Http11NioProtocol - Starting ProtocolHandler ["http-nio-8088"]
2025-12-12 09:38:10.267 [main] INFO  o.s.b.w.e.tomcat.TomcatWebServer - Tomcat started on port(s): 8088 (http) with context path ''
2025-12-12 09:38:10.395 [main] WARN  s.d.s.r.o.OperationImplicitParameterReader - Unable to interpret the implicit parameter configuration with dataType: file, dataTypeClass: class java.lang.Void
2025-12-12 09:38:10.398 [main] WARN  s.d.b.FormParameterSpecificationProvider - Parameter should either be a simple or a content type
2025-12-12 09:38:10.459 [main] WARN  s.d.s.r.o.OperationImplicitParameterReader - Unable to interpret the implicit parameter configuration with dataType: string, dataTypeClass: class java.lang.Void
2025-12-12 09:38:10.461 [main] WARN  s.d.s.r.o.OperationImplicitParameterReader - Unable to interpret the implicit parameter configuration with dataType: string, dataTypeClass: class java.lang.Void
2025-12-12 09:38:10.461 [main] WARN  s.d.s.r.o.OperationImplicitParameterReader - Unable to interpret the implicit parameter configuration with dataType: string, dataTypeClass: class java.lang.Void
2025-12-12 09:38:10.461 [main] WARN  s.d.s.r.o.OperationImplicitParameterReader - Unable to interpret the implicit parameter configuration with dataType: string, dataTypeClass: class java.lang.Void
2025-12-12 09:38:10.467 [main] WARN  s.d.s.r.o.OperationImplicitParameterReader - Unable to interpret the implicit parameter configuration with dataType: file, dataTypeClass: class java.lang.Void
2025-12-12 09:38:10.467 [main] WARN  s.d.b.FormParameterSpecificationProvider - Parameter should either be a simple or a content type
2025-12-12 09:38:10.467 [main] WARN  s.d.s.r.o.OperationImplicitParameterReader - Unable to interpret the implicit parameter configuration with dataType: string, dataTypeClass: class java.lang.Void
2025-12-12 09:38:10.500 [main] WARN  s.d.s.r.o.OperationImplicitParameterReader - Unable to interpret the implicit parameter configuration with dataType: string, dataTypeClass: class java.lang.Void
2025-12-12 09:38:10.543 [main] WARN  s.d.s.r.o.OperationImplicitParameterReader - Unable to interpret the implicit parameter configuration with dataType: string, dataTypeClass: class java.lang.Void
2025-12-12 09:38:10.543 [main] WARN  s.d.s.r.o.OperationImplicitParameterReader - Unable to interpret the implicit parameter configuration with dataType: string, dataTypeClass: class java.lang.Void
2025-12-12 09:38:10.543 [main] WARN  s.d.s.r.o.OperationImplicitParameterReader - Unable to interpret the implicit parameter configuration with dataType: string, dataTypeClass: class java.lang.Void
2025-12-12 09:38:10.596 [main] WARN  s.d.s.r.o.OperationImplicitParameterReader - Unable to interpret the implicit parameter configuration with dataType: file, dataTypeClass: class java.lang.Void
2025-12-12 09:38:10.596 [main] WARN  s.d.b.FormParameterSpecificationProvider - Parameter should either be a simple or a content type
2025-12-12 09:38:10.596 [main] WARN  s.d.s.r.o.OperationImplicitParameterReader - Unable to interpret the implicit parameter configuration with dataType: file, dataTypeClass: class java.lang.Void
2025-12-12 09:38:10.598 [main] WARN  s.d.b.FormParameterSpecificationProvider - Parameter should either be a simple or a content type
2025-12-12 09:38:10.716 [main] INFO  com.example.AimatchApplication - Started AimatchApplication in 4.427 seconds (JVM running for 5.262)
2025-12-12 09:38:20.242 [background-preinit] INFO  o.h.validator.internal.util.Version - HV000001: Hibernate Validator 6.2.5.Final
2025-12-12 09:38:20.242 [main] INFO  com.example.AimatchApplication - Starting AimatchApplication using Java 1.8.0_131 on wk with PID 10232 (D:\指标建设\AIMatch\aimatch\target\classes started by wk794 in D:\指标建设\AIMatch\aimatch)
2025-12-12 09:38:20.242 [main] DEBUG com.example.AimatchApplication - Running with Spring Boot v2.7.15, Spring v5.3.29
2025-12-12 09:38:20.242 [main] INFO  com.example.AimatchApplication - No active profile set, falling back to 1 default profile: "default"
2025-12-12 09:38:20.882 [main] INFO  o.s.d.r.c.RepositoryConfigurationDelegate - Multiple Spring Data modules found, entering strict repository configuration mode
2025-12-12 09:38:20.882 [main] INFO  o.s.d.r.c.RepositoryConfigurationDelegate - Bootstrapping Spring Data Redis repositories in DEFAULT mode.
2025-12-12 09:38:20.908 [main] INFO  o.s.d.r.c.RepositoryConfigurationDelegate - Finished Spring Data repository scanning in 12 ms. Found 0 Redis repository interfaces.
2025-12-12 09:38:21.323 [main] INFO  o.s.b.w.e.tomcat.TomcatWebServer - Tomcat initialized with port(s): 8088 (http)
2025-12-12 09:38:21.326 [main] INFO  o.a.coyote.http11.Http11NioProtocol - Initializing ProtocolHandler ["http-nio-8088"]
2025-12-12 09:38:21.326 [main] INFO  o.a.catalina.core.StandardService - Starting service [Tomcat]
2025-12-12 09:38:21.326 [main] INFO  o.a.catalina.core.StandardEngine - Starting Servlet engine: [Apache Tomcat/9.0.79]
2025-12-12 09:38:21.425 [main] INFO  o.a.c.c.C.[Tomcat].[localhost].[/] - Initializing Spring embedded WebApplicationContext
2025-12-12 09:38:21.425 [main] INFO  o.s.b.w.s.c.ServletWebServerApplicationContext - Root WebApplicationContext: initialization completed in 1152 ms
2025-12-12 09:38:21.825 [main] WARN  c.b.m.core.metadata.TableInfoHelper - Can not find table primary key in Class: "com.example.entity.TImMessage".
2025-12-12 09:38:21.825 [main] WARN  c.b.m.c.injector.DefaultSqlInjector - class com.example.entity.TImMessage ,Not found @TableId annotation, Cannot use Mybatis-Plus 'xxById' Method.
2025-12-12 09:38:22.995 [main] INFO  com.example.config.Knife4jConfig - http://localhost:8088/doc.html
2025-12-12 09:38:23.870 [main] INFO  o.a.coyote.http11.Http11NioProtocol - Starting ProtocolHandler ["http-nio-8088"]
2025-12-12 09:38:23.880 [main] INFO  o.s.b.w.e.tomcat.TomcatWebServer - Tomcat started on port(s): 8088 (http) with context path ''
2025-12-12 09:38:24.017 [main] WARN  s.d.s.r.o.OperationImplicitParameterReader - Unable to interpret the implicit parameter configuration with dataType: file, dataTypeClass: class java.lang.Void
2025-12-12 09:38:24.017 [main] WARN  s.d.b.FormParameterSpecificationProvider - Parameter should either be a simple or a content type
2025-12-12 09:38:24.107 [main] WARN  s.d.s.r.o.OperationImplicitParameterReader - Unable to interpret the implicit parameter configuration with dataType: string, dataTypeClass: class java.lang.Void
2025-12-12 09:38:24.107 [main] WARN  s.d.s.r.o.OperationImplicitParameterReader - Unable to interpret the implicit parameter configuration with dataType: string, dataTypeClass: class java.lang.Void
2025-12-12 09:38:24.107 [main] WARN  s.d.s.r.o.OperationImplicitParameterReader - Unable to interpret the implicit parameter configuration with dataType: string, dataTypeClass: class java.lang.Void
2025-12-12 09:38:24.107 [main] WARN  s.d.s.r.o.OperationImplicitParameterReader - Unable to interpret the implicit parameter configuration with dataType: string, dataTypeClass: class java.lang.Void
2025-12-12 09:38:24.111 [main] WARN  s.d.s.r.o.OperationImplicitParameterReader - Unable to interpret the implicit parameter configuration with dataType: file, dataTypeClass: class java.lang.Void
2025-12-12 09:38:24.115 [main] WARN  s.d.b.FormParameterSpecificationProvider - Parameter should either be a simple or a content type
2025-12-12 09:38:24.115 [main] WARN  s.d.s.r.o.OperationImplicitParameterReader - Unable to interpret the implicit parameter configuration with dataType: string, dataTypeClass: class java.lang.Void
2025-12-12 09:38:24.159 [main] WARN  s.d.s.r.o.OperationImplicitParameterReader - Unable to interpret the implicit parameter configuration with dataType: string, dataTypeClass: class java.lang.Void
2025-12-12 09:38:24.231 [main] WARN  s.d.s.r.o.OperationImplicitParameterReader - Unable to interpret the implicit parameter configuration with dataType: string, dataTypeClass: class java.lang.Void
2025-12-12 09:38:24.231 [main] WARN  s.d.s.r.o.OperationImplicitParameterReader - Unable to interpret the implicit parameter configuration with dataType: string, dataTypeClass: class java.lang.Void
2025-12-12 09:38:24.231 [main] WARN  s.d.s.r.o.OperationImplicitParameterReader - Unable to interpret the implicit parameter configuration with dataType: string, dataTypeClass: class java.lang.Void
2025-12-12 09:38:24.302 [main] WARN  s.d.s.r.o.OperationImplicitParameterReader - Unable to interpret the implicit parameter configuration with dataType: file, dataTypeClass: class java.lang.Void
2025-12-12 09:38:24.302 [main] WARN  s.d.b.FormParameterSpecificationProvider - Parameter should either be a simple or a content type
2025-12-12 09:38:24.302 [main] WARN  s.d.s.r.o.OperationImplicitParameterReader - Unable to interpret the implicit parameter configuration with dataType: file, dataTypeClass: class java.lang.Void
2025-12-12 09:38:24.302 [main] WARN  s.d.b.FormParameterSpecificationProvider - Parameter should either be a simple or a content type
2025-12-12 09:38:24.439 [main] INFO  com.example.AimatchApplication - Started AimatchApplication in 4.518 seconds (JVM running for 5.204)
2025-12-12 09:38:50.375 [http-nio-8088-exec-1] INFO  o.a.c.c.C.[Tomcat].[localhost].[/] - Initializing Spring DispatcherServlet 'dispatcherServlet'
2025-12-12 09:38:50.375 [http-nio-8088-exec-1] INFO  o.s.web.servlet.DispatcherServlet - Initializing Servlet 'dispatcherServlet'
2025-12-12 09:38:50.375 [http-nio-8088-exec-1] INFO  o.s.web.servlet.DispatcherServlet - Completed initialization in 0 ms
2025-12-12 09:38:54.410 [http-nio-8088-exec-2] ERROR c.e.exception.GlobalExceptionHandler - 用户未登录或Token无效: 未能读取到有效Token
cn.dev33.satoken.exception.NotLoginException: 未能读取到有效Token
	at cn.dev33.satoken.exception.NotLoginException.newInstance(NotLoginException.java:137)
	at cn.dev33.satoken.exception.NotLoginException.newInstance(NotLoginException.java:104)
	at cn.dev33.satoken.stp.StpLogic.getLoginId(StpLogic.java:673)
	at cn.dev33.satoken.stp.StpLogic.checkRoleAnd(StpLogic.java:1358)
	at cn.dev33.satoken.stp.StpLogic.checkByAnnotation(StpLogic.java:1647)
	at cn.dev33.satoken.strategy.SaStrategy.lambda$new$4(SaStrategy.java:151)
	at cn.dev33.satoken.strategy.SaStrategy.lambda$new$3(SaStrategy.java:134)
	at cn.dev33.satoken.interceptor.SaInterceptor.preHandle(SaInterceptor.java:93)
	at org.springframework.web.servlet.HandlerExecutionChain.applyPreHandle(HandlerExecutionChain.java:148)
	at org.springframework.web.servlet.DispatcherServlet.doDispatch(DispatcherServlet.java:1067)
	at org.springframework.web.servlet.DispatcherServlet.doService(DispatcherServlet.java:965)
	at org.springframework.web.servlet.FrameworkServlet.processRequest(FrameworkServlet.java:1006)
	at org.springframework.web.servlet.FrameworkServlet.doGet(FrameworkServlet.java:898)
	at javax.servlet.http.HttpServlet.service(HttpServlet.java:529)
	at org.springframework.web.servlet.FrameworkServlet.service(FrameworkServlet.java:883)
	at javax.servlet.http.HttpServlet.service(HttpServlet.java:623)
	at org.apache.catalina.core.ApplicationFilterChain.internalDoFilter(ApplicationFilterChain.java:209)
	at org.apache.catalina.core.ApplicationFilterChain.doFilter(ApplicationFilterChain.java:153)
	at org.apache.tomcat.websocket.server.WsFilter.doFilter(WsFilter.java:51)
	at org.apache.catalina.core.ApplicationFilterChain.internalDoFilter(ApplicationFilterChain.java:178)
	at org.apache.catalina.core.ApplicationFilterChain.doFilter(ApplicationFilterChain.java:153)
	at org.springframework.web.filter.CorsFilter.doFilterInternal(CorsFilter.java:91)
	at org.springframework.web.filter.OncePerRequestFilter.doFilter(OncePerRequestFilter.java:117)
	at org.apache.catalina.core.ApplicationFilterChain.internalDoFilter(ApplicationFilterChain.java:178)
	at org.apache.catalina.core.ApplicationFilterChain.doFilter(ApplicationFilterChain.java:153)
	at org.springframework.web.filter.RequestContextFilter.doFilterInternal(RequestContextFilter.java:100)
	at org.springframework.web.filter.OncePerRequestFilter.doFilter(OncePerRequestFilter.java:117)
	at org.apache.catalina.core.ApplicationFilterChain.internalDoFilter(ApplicationFilterChain.java:178)
	at org.apache.catalina.core.ApplicationFilterChain.doFilter(ApplicationFilterChain.java:153)
	at org.springframework.web.filter.FormContentFilter.doFilterInternal(FormContentFilter.java:93)
	at org.springframework.web.filter.OncePerRequestFilter.doFilter(OncePerRequestFilter.java:117)
	at org.apache.catalina.core.ApplicationFilterChain.internalDoFilter(ApplicationFilterChain.java:178)
	at org.apache.catalina.core.ApplicationFilterChain.doFilter(ApplicationFilterChain.java:153)
	at org.springframework.web.filter.CharacterEncodingFilter.doFilterInternal(CharacterEncodingFilter.java:201)
	at org.springframework.web.filter.OncePerRequestFilter.doFilter(OncePerRequestFilter.java:117)
	at org.apache.catalina.core.ApplicationFilterChain.internalDoFilter(ApplicationFilterChain.java:178)
	at org.apache.catalina.core.ApplicationFilterChain.doFilter(ApplicationFilterChain.java:153)
	at org.apache.catalina.core.StandardWrapperValve.invoke(StandardWrapperValve.java:167)
	at org.apache.catalina.core.StandardContextValve.invoke(StandardContextValve.java:90)
	at org.apache.catalina.authenticator.AuthenticatorBase.invoke(AuthenticatorBase.java:481)
	at org.apache.catalina.core.StandardHostValve.invoke(StandardHostValve.java:130)
	at org.apache.catalina.valves.ErrorReportValve.invoke(ErrorReportValve.java:93)
	at org.apache.catalina.core.StandardEngineValve.invoke(StandardEngineValve.java:74)
	at org.apache.catalina.connector.CoyoteAdapter.service(CoyoteAdapter.java:343)
	at org.apache.coyote.http11.Http11Processor.service(Http11Processor.java:390)
	at org.apache.coyote.AbstractProcessorLight.process(AbstractProcessorLight.java:63)
	at org.apache.coyote.AbstractProtocol$ConnectionHandler.process(AbstractProtocol.java:926)
	at org.apache.tomcat.util.net.NioEndpoint$SocketProcessor.doRun(NioEndpoint.java:1790)
	at org.apache.tomcat.util.net.SocketProcessorBase.run(SocketProcessorBase.java:52)
	at org.apache.tomcat.util.threads.ThreadPoolExecutor.runWorker(ThreadPoolExecutor.java:1191)
	at org.apache.tomcat.util.threads.ThreadPoolExecutor$Worker.run(ThreadPoolExecutor.java:659)
	at org.apache.tomcat.util.threads.TaskThread$WrappingRunnable.run(TaskThread.java:61)
	at java.lang.Thread.run(Thread.java:748)
2025-12-12 09:39:22.377 [http-nio-8088-exec-5] INFO  c.example.controller.AuthController - 接收登录请求: admin
2025-12-12 09:39:22.382 [http-nio-8088-exec-5] INFO  c.e.service.impl.TUserServiceImpl - 查找用户: admin
2025-12-12 09:39:22.430 [http-nio-8088-exec-5] INFO  com.zaxxer.hikari.HikariDataSource - HikariPool-1 - Starting...
2025-12-12 09:39:23.361 [http-nio-8088-exec-5] INFO  com.zaxxer.hikari.HikariDataSource - HikariPool-1 - Start completed.
2025-12-12 09:39:23.364 [http-nio-8088-exec-5] DEBUG c.e.mapper.TUserMapper.selectList - ==>  Preparing: SELECT user_id,user_type,account,password,avatar FROM t_user WHERE (account = ?)
2025-12-12 09:39:23.381 [http-nio-8088-exec-5] DEBUG c.e.mapper.TUserMapper.selectList - ==> Parameters: admin(String)
2025-12-12 09:39:23.542 [http-nio-8088-exec-5] DEBUG c.e.mapper.TUserMapper.selectList - <==      Total: 1
2025-12-12 09:39:23.769 [http-nio-8088-exec-5] INFO  c.e.service.impl.TUserServiceImpl - 用户登录成功: admin
2025-12-12 09:39:56.946 [http-nio-8088-exec-8] DEBUG c.e.mapper.TUserMapper.selectById - ==>  Preparing: SELECT user_id,user_type,account,password,avatar FROM t_user WHERE user_id=?
2025-12-12 09:39:56.946 [http-nio-8088-exec-8] DEBUG c.e.mapper.TUserMapper.selectById - ==> Parameters: 1963776254713749505(String)
2025-12-12 09:39:57.047 [http-nio-8088-exec-8] DEBUG c.e.mapper.TUserMapper.selectById - <==      Total: 1
2025-12-12 09:39:57.051 [http-nio-8088-exec-8] INFO  com.example.config.MyStpInterface - 当前登录用户角色:3
2025-12-12 09:39:57.127 [http-nio-8088-exec-8] DEBUG c.e.m.T.selectPage_mpCount - ==>  Preparing: SELECT COUNT(*) AS total FROM t_order
2025-12-12 09:39:57.130 [http-nio-8088-exec-8] DEBUG c.e.m.T.selectPage_mpCount - ==> Parameters: 
2025-12-12 09:39:57.229 [http-nio-8088-exec-8] DEBUG c.e.m.T.selectPage_mpCount - <==      Total: 1
2025-12-12 09:39:57.233 [http-nio-8088-exec-8] DEBUG c.e.mapper.TOrderMapper.selectPage - ==>  Preparing: SELECT id,order_no,user_id,total_amount,status,package_id,package_name,create_time,update_time FROM t_order ORDER BY create_time DESC LIMIT ?
2025-12-12 09:39:57.233 [http-nio-8088-exec-8] DEBUG c.e.mapper.TOrderMapper.selectPage - ==> Parameters: 10000(Long)
2025-12-12 09:39:57.343 [http-nio-8088-exec-8] DEBUG c.e.mapper.TOrderMapper.selectPage - <==      Total: 18
2025-12-12 09:39:57.346 [http-nio-8088-exec-8] DEBUG c.e.mapper.TPaymentMapper.selectList - ==>  Preparing: SELECT id,order_id,pay_no,channel,amount,status,qrcode_url,callback_data,create_time,update_time FROM t_payment WHERE (order_id IN (?,?,?,?,?,?,?,?,?,?,?,?,?,?,?,?,?,?))
2025-12-12 09:39:57.350 [http-nio-8088-exec-8] DEBUG c.e.mapper.TPaymentMapper.selectList - ==> Parameters: 1999073262753452034(String), 1999005383844573186(String), 1999005080369901569(String), 1999003599772200962(String), 1998778329505083393(String), 1998777705266819073(String), 1998665417365008385(String), 1998664256247443458(String), 1998652372463005697(String), 1998652235347013634(String), 1998327584766963714(String), 1997944029368975361(String), 1997942861071835138(String), 1997941812491665410(String), 1997938369773387778(String), 1997927886793158657(String), 1997662643718402049(String), 1997657838790848513(String)
2025-12-12 09:39:57.546 [http-nio-8088-exec-8] DEBUG c.e.mapper.TPaymentMapper.selectList - <==      Total: 18
2025-12-12 11:48:12.105 [HikariPool-1 housekeeper] WARN  com.zaxxer.hikari.pool.HikariPool - HikariPool-1 - Thread starvation or clock leap detected (housekeeper delta=1m18s190ms89µs700ns).
2025-12-12 14:22:22.089 [HikariPool-1 housekeeper] WARN  com.zaxxer.hikari.pool.HikariPool - HikariPool-1 - Thread starvation or clock leap detected (housekeeper delta=2h20m39s935ms170µs400ns).
2025-12-12 16:30:02.546 [HikariPool-1 housekeeper] WARN  com.zaxxer.hikari.pool.HikariPool - HikariPool-1 - Thread starvation or clock leap detected (housekeeper delta=1m10s25ms794µs200ns).
