2025-06-04 09:17:33.522 [http-nio-8080-exec-2] INFO  o.a.c.c.C.[Tomcat].[localhost].[/] - Initializing Spring DispatcherServlet 'dispatcherServlet'
2025-06-04 09:17:33.574 [http-nio-8080-exec-2] INFO  o.s.web.servlet.DispatcherServlet - Initializing Servlet 'dispatcherServlet'
2025-06-04 09:17:33.704 [http-nio-8080-exec-2] INFO  o.s.web.servlet.DispatcherServlet - Completed initialization in 128 ms
2025-06-04 09:42:54.408 [background-preinit] INFO  o.h.validator.internal.util.Version - HV000001: Hibernate Validator 6.2.5.Final
2025-06-04 09:42:54.413 [main] INFO  com.example.AimatchApplication - Starting AimatchApplication using Java 11.0.22 on wk with PID 14876 (C:\Users\wk794\IdeaProjects\aimatch\target\classes started by wk794 in C:\Users\wk794\IdeaProjects\aimatch)
2025-06-04 09:42:54.414 [main] DEBUG com.example.AimatchApplication - Running with Spring Boot v2.7.15, Spring v5.3.29
2025-06-04 09:42:54.414 [main] INFO  com.example.AimatchApplication - No active profile set, falling back to 1 default profile: "default"
2025-06-04 09:42:54.883 [main] INFO  o.s.d.r.c.RepositoryConfigurationDelegate - Multiple Spring Data modules found, entering strict repository configuration mode
2025-06-04 09:42:54.883 [main] INFO  o.s.d.r.c.RepositoryConfigurationDelegate - Bootstrapping Spring Data Redis repositories in DEFAULT mode.
2025-06-04 09:42:54.905 [main] INFO  o.s.d.r.c.RepositoryConfigurationDelegate - Finished Spring Data repository scanning in 7 ms. Found 0 Redis repository interfaces.
2025-06-04 09:42:55.259 [main] INFO  o.s.b.w.e.tomcat.TomcatWebServer - Tomcat initialized with port(s): 8080 (http)
2025-06-04 09:42:55.267 [main] INFO  o.a.coyote.http11.Http11NioProtocol - Initializing ProtocolHandler ["http-nio-8080"]
2025-06-04 09:42:55.267 [main] INFO  o.a.catalina.core.StandardService - Starting service [Tomcat]
2025-06-04 09:42:55.267 [main] INFO  o.a.catalina.core.StandardEngine - Starting Servlet engine: [Apache Tomcat/9.0.79]
2025-06-04 09:42:55.355 [main] INFO  o.a.c.c.C.[Tomcat].[localhost].[/] - Initializing Spring embedded WebApplicationContext
2025-06-04 09:42:55.355 [main] INFO  o.s.b.w.s.c.ServletWebServerApplicationContext - Root WebApplicationContext: initialization completed in 916 ms
2025-06-04 09:42:56.530 [main] INFO  o.a.coyote.http11.Http11NioProtocol - Starting ProtocolHandler ["http-nio-8080"]
2025-06-04 09:42:56.546 [main] INFO  o.s.b.w.e.tomcat.TomcatWebServer - Tomcat started on port(s): 8080 (http) with context path ''
2025-06-04 09:42:56.554 [main] INFO  com.example.AimatchApplication - Started AimatchApplication in 2.493 seconds (JVM running for 3.338)
2025-06-04 09:43:22.339 [http-nio-8080-exec-1] INFO  o.a.c.c.C.[Tomcat].[localhost].[/] - Initializing Spring DispatcherServlet 'dispatcherServlet'
2025-06-04 09:43:22.339 [http-nio-8080-exec-1] INFO  o.s.web.servlet.DispatcherServlet - Initializing Servlet 'dispatcherServlet'
2025-06-04 09:43:22.340 [http-nio-8080-exec-1] INFO  o.s.web.servlet.DispatcherServlet - Completed initialization in 1 ms
2025-06-04 09:43:22.507 [http-nio-8080-exec-1] INFO  c.example.controller.AuthController - 接收登录请求: wk
2025-06-04 09:43:22.532 [http-nio-8080-exec-1] INFO  c.e.service.impl.UserServiceImpl - 查找用户: wk
2025-06-04 09:43:22.573 [http-nio-8080-exec-1] INFO  com.zaxxer.hikari.HikariDataSource - HikariPool-1 - Starting...
2025-06-04 09:43:22.936 [http-nio-8080-exec-1] INFO  com.zaxxer.hikari.HikariDataSource - HikariPool-1 - Start completed.
2025-06-04 09:43:22.949 [http-nio-8080-exec-1] DEBUG c.e.mapper.UserMapper.findByUsername - ==>  Preparing: SELECT * FROM users WHERE username = ?
2025-06-04 09:43:22.986 [http-nio-8080-exec-1] DEBUG c.e.mapper.UserMapper.findByUsername - ==> Parameters: wk(String)
2025-06-04 09:43:23.031 [http-nio-8080-exec-1] DEBUG c.e.mapper.UserMapper.findByUsername - <==      Total: 1
2025-06-04 09:43:24.298 [http-nio-8080-exec-1] INFO  c.e.service.impl.UserServiceImpl - 更新用户登录时间: 4
2025-06-04 09:43:24.301 [http-nio-8080-exec-1] DEBUG c.e.m.UserMapper.updateLastLoginTime - ==>  Preparing: UPDATE users SET last_login_time = ? WHERE id = ?
2025-06-04 09:43:24.302 [http-nio-8080-exec-1] DEBUG c.e.m.UserMapper.updateLastLoginTime - ==> Parameters: 2025-06-04T09:43:24.298518700(LocalDateTime), 4(Long)
2025-06-04 09:43:24.315 [http-nio-8080-exec-1] DEBUG c.e.m.UserMapper.updateLastLoginTime - <==    Updates: 1
2025-06-04 09:43:24.315 [http-nio-8080-exec-1] INFO  c.e.service.impl.UserServiceImpl - 用户登录成功: wk
2025-06-04 10:04:14.676 [http-nio-8080-exec-5] INFO  c.example.controller.AuthController - 接收登录请求: wk
2025-06-04 10:04:14.678 [http-nio-8080-exec-5] INFO  c.e.service.impl.UserServiceImpl - 查找用户: wk
2025-06-04 10:04:14.692 [http-nio-8080-exec-5] DEBUG c.e.mapper.UserMapper.findByUsername - ==>  Preparing: SELECT * FROM users WHERE username = ?
2025-06-04 10:04:14.700 [http-nio-8080-exec-5] DEBUG c.e.mapper.UserMapper.findByUsername - ==> Parameters: wk(String)
2025-06-04 10:04:14.715 [http-nio-8080-exec-5] DEBUG c.e.mapper.UserMapper.findByUsername - <==      Total: 1
2025-06-04 10:04:14.826 [http-nio-8080-exec-5] INFO  c.e.service.impl.UserServiceImpl - 更新用户登录时间: 4
2025-06-04 10:04:14.827 [http-nio-8080-exec-5] DEBUG c.e.m.UserMapper.updateLastLoginTime - ==>  Preparing: UPDATE users SET last_login_time = ? WHERE id = ?
2025-06-04 10:04:14.828 [http-nio-8080-exec-5] DEBUG c.e.m.UserMapper.updateLastLoginTime - ==> Parameters: 2025-06-04T10:04:14.826014900(LocalDateTime), 4(Long)
2025-06-04 10:04:14.832 [http-nio-8080-exec-5] DEBUG c.e.m.UserMapper.updateLastLoginTime - <==    Updates: 1
2025-06-04 10:04:14.832 [http-nio-8080-exec-5] INFO  c.e.service.impl.UserServiceImpl - 用户登录成功: wk
2025-06-04 10:11:30.218 [SpringApplicationShutdownHook] INFO  com.zaxxer.hikari.HikariDataSource - HikariPool-1 - Shutdown initiated...
2025-06-04 10:11:30.233 [SpringApplicationShutdownHook] INFO  com.zaxxer.hikari.HikariDataSource - HikariPool-1 - Shutdown completed.
2025-06-04 10:11:33.084 [background-preinit] INFO  o.h.validator.internal.util.Version - HV000001: Hibernate Validator 6.2.5.Final
2025-06-04 10:11:33.088 [main] INFO  com.example.AimatchApplication - Starting AimatchApplication using Java 11.0.22 on wk with PID 23940 (C:\Users\wk794\IdeaProjects\aimatch\target\classes started by wk794 in C:\Users\wk794\IdeaProjects\aimatch)
2025-06-04 10:11:33.088 [main] DEBUG com.example.AimatchApplication - Running with Spring Boot v2.7.15, Spring v5.3.29
2025-06-04 10:11:33.088 [main] INFO  com.example.AimatchApplication - No active profile set, falling back to 1 default profile: "default"
2025-06-04 10:11:33.515 [main] INFO  o.s.d.r.c.RepositoryConfigurationDelegate - Multiple Spring Data modules found, entering strict repository configuration mode
2025-06-04 10:11:33.518 [main] INFO  o.s.d.r.c.RepositoryConfigurationDelegate - Bootstrapping Spring Data Redis repositories in DEFAULT mode.
2025-06-04 10:11:33.534 [main] INFO  o.s.d.r.c.RepositoryConfigurationDelegate - Finished Spring Data repository scanning in 5 ms. Found 0 Redis repository interfaces.
2025-06-04 10:11:33.868 [main] INFO  o.s.b.w.e.tomcat.TomcatWebServer - Tomcat initialized with port(s): 8080 (http)
2025-06-04 10:11:33.873 [main] INFO  o.a.coyote.http11.Http11NioProtocol - Initializing ProtocolHandler ["http-nio-8080"]
2025-06-04 10:11:33.873 [main] INFO  o.a.catalina.core.StandardService - Starting service [Tomcat]
2025-06-04 10:11:33.873 [main] INFO  o.a.catalina.core.StandardEngine - Starting Servlet engine: [Apache Tomcat/9.0.79]
2025-06-04 10:11:33.954 [main] INFO  o.a.c.c.C.[Tomcat].[localhost].[/] - Initializing Spring embedded WebApplicationContext
2025-06-04 10:11:33.954 [main] INFO  o.s.b.w.s.c.ServletWebServerApplicationContext - Root WebApplicationContext: initialization completed in 841 ms
2025-06-04 10:11:34.992 [main] INFO  o.a.coyote.http11.Http11NioProtocol - Starting ProtocolHandler ["http-nio-8080"]
2025-06-04 10:11:35.009 [main] INFO  o.s.b.w.e.tomcat.TomcatWebServer - Tomcat started on port(s): 8080 (http) with context path ''
2025-06-04 10:11:35.017 [main] INFO  com.example.AimatchApplication - Started AimatchApplication in 2.243 seconds (JVM running for 3.11)
2025-06-04 10:23:46.316 [background-preinit] INFO  o.h.validator.internal.util.Version - HV000001: Hibernate Validator 6.2.5.Final
2025-06-04 10:23:46.319 [main] INFO  com.example.AimatchApplication - Starting AimatchApplication using Java 11.0.22 on wk with PID 12456 (C:\Users\wk794\IdeaProjects\aimatch\target\classes started by wk794 in C:\Users\wk794\IdeaProjects\aimatch)
2025-06-04 10:23:46.319 [main] DEBUG com.example.AimatchApplication - Running with Spring Boot v2.7.15, Spring v5.3.29
2025-06-04 10:23:46.319 [main] INFO  com.example.AimatchApplication - No active profile set, falling back to 1 default profile: "default"
2025-06-04 10:23:46.698 [main] INFO  o.s.d.r.c.RepositoryConfigurationDelegate - Multiple Spring Data modules found, entering strict repository configuration mode
2025-06-04 10:23:46.699 [main] INFO  o.s.d.r.c.RepositoryConfigurationDelegate - Bootstrapping Spring Data Redis repositories in DEFAULT mode.
2025-06-04 10:23:46.715 [main] INFO  o.s.d.r.c.RepositoryConfigurationDelegate - Finished Spring Data repository scanning in 5 ms. Found 0 Redis repository interfaces.
2025-06-04 10:23:47.005 [main] INFO  o.s.b.w.e.tomcat.TomcatWebServer - Tomcat initialized with port(s): 8080 (http)
2025-06-04 10:23:47.009 [main] INFO  o.a.coyote.http11.Http11NioProtocol - Initializing ProtocolHandler ["http-nio-8080"]
2025-06-04 10:23:47.010 [main] INFO  o.a.catalina.core.StandardService - Starting service [Tomcat]
2025-06-04 10:23:47.010 [main] INFO  o.a.catalina.core.StandardEngine - Starting Servlet engine: [Apache Tomcat/9.0.79]
2025-06-04 10:23:47.079 [main] INFO  o.a.c.c.C.[Tomcat].[localhost].[/] - Initializing Spring embedded WebApplicationContext
2025-06-04 10:23:47.079 [main] INFO  o.s.b.w.s.c.ServletWebServerApplicationContext - Root WebApplicationContext: initialization completed in 735 ms
2025-06-04 10:23:48.217 [main] INFO  o.a.coyote.http11.Http11NioProtocol - Starting ProtocolHandler ["http-nio-8080"]
2025-06-04 10:23:48.231 [main] INFO  o.s.b.w.e.tomcat.TomcatWebServer - Tomcat started on port(s): 8080 (http) with context path ''
2025-06-04 10:23:48.240 [main] INFO  com.example.AimatchApplication - Started AimatchApplication in 2.228 seconds (JVM running for 4.67)
2025-06-04 11:06:12.503 [http-nio-8080-exec-2] INFO  o.a.c.c.C.[Tomcat].[localhost].[/] - Initializing Spring DispatcherServlet 'dispatcherServlet'
2025-06-04 11:06:12.506 [http-nio-8080-exec-2] INFO  o.s.web.servlet.DispatcherServlet - Initializing Servlet 'dispatcherServlet'
2025-06-04 11:06:12.536 [http-nio-8080-exec-2] INFO  o.s.web.servlet.DispatcherServlet - Completed initialization in 30 ms
2025-06-04 11:06:12.805 [http-nio-8080-exec-2] INFO  c.example.controller.AuthController - 接收登录请求: wk
2025-06-04 11:06:12.848 [http-nio-8080-exec-2] INFO  c.e.service.impl.UserServiceImpl - 查找用户: wk
2025-06-04 11:06:12.904 [http-nio-8080-exec-2] INFO  com.zaxxer.hikari.HikariDataSource - HikariPool-1 - Starting...
2025-06-04 11:06:13.389 [http-nio-8080-exec-2] INFO  com.zaxxer.hikari.HikariDataSource - HikariPool-1 - Start completed.
2025-06-04 11:06:13.408 [http-nio-8080-exec-2] DEBUG c.e.mapper.UserMapper.findByUsername - ==>  Preparing: SELECT * FROM users WHERE username = ?
2025-06-04 11:06:13.458 [http-nio-8080-exec-2] DEBUG c.e.mapper.UserMapper.findByUsername - ==> Parameters: wk(String)
2025-06-04 11:06:13.505 [http-nio-8080-exec-2] DEBUG c.e.mapper.UserMapper.findByUsername - <==      Total: 1
2025-06-04 11:06:14.755 [http-nio-8080-exec-2] INFO  c.e.service.impl.UserServiceImpl - 更新用户登录时间: 4
2025-06-04 11:06:14.758 [http-nio-8080-exec-2] DEBUG c.e.m.UserMapper.updateLastLoginTime - ==>  Preparing: UPDATE users SET last_login_time = ? WHERE id = ?
2025-06-04 11:06:14.759 [http-nio-8080-exec-2] DEBUG c.e.m.UserMapper.updateLastLoginTime - ==> Parameters: 2025-06-04T11:06:14.755735600(LocalDateTime), 4(Long)
2025-06-04 11:06:14.771 [http-nio-8080-exec-2] DEBUG c.e.m.UserMapper.updateLastLoginTime - <==    Updates: 1
2025-06-04 11:06:14.771 [http-nio-8080-exec-2] INFO  c.e.service.impl.UserServiceImpl - 用户登录成功: wk
2025-06-04 13:52:40.345 [HikariPool-1 housekeeper] WARN  com.zaxxer.hikari.pool.HikariPool - HikariPool-1 - Thread starvation or clock leap detected (housekeeper delta=2h9m56s725ms585µs200ns).
2025-06-04 14:04:32.721 [http-nio-8080-exec-5] INFO  c.example.controller.AuthController - 接收登录请求: wk
2025-06-04 14:04:32.721 [http-nio-8080-exec-5] INFO  c.e.service.impl.UserServiceImpl - 查找用户: wk
2025-06-04 14:04:32.724 [http-nio-8080-exec-5] DEBUG c.e.mapper.UserMapper.findByUsername - ==>  Preparing: SELECT * FROM users WHERE username = ?
2025-06-04 14:04:32.724 [http-nio-8080-exec-5] DEBUG c.e.mapper.UserMapper.findByUsername - ==> Parameters: wk(String)
2025-06-04 14:04:32.726 [http-nio-8080-exec-5] DEBUG c.e.mapper.UserMapper.findByUsername - <==      Total: 1
2025-06-04 14:04:32.756 [http-nio-8080-exec-5] INFO  c.e.service.impl.UserServiceImpl - 更新用户登录时间: 4
2025-06-04 14:04:32.756 [http-nio-8080-exec-5] DEBUG c.e.m.UserMapper.updateLastLoginTime - ==>  Preparing: UPDATE users SET last_login_time = ? WHERE id = ?
2025-06-04 14:04:32.757 [http-nio-8080-exec-5] DEBUG c.e.m.UserMapper.updateLastLoginTime - ==> Parameters: 2025-06-04T14:04:32.756902100(LocalDateTime), 4(Long)
2025-06-04 14:04:32.760 [http-nio-8080-exec-5] DEBUG c.e.m.UserMapper.updateLastLoginTime - <==    Updates: 1
2025-06-04 14:04:32.760 [http-nio-8080-exec-5] INFO  c.e.service.impl.UserServiceImpl - 用户登录成功: wk
2025-06-04 14:44:12.592 [http-nio-8080-exec-6] ERROR c.e.exception.GlobalExceptionHandler - 用户未登录或Token无效: 未能读取到有效Token
cn.dev33.satoken.exception.NotLoginException: 未能读取到有效Token
	at cn.dev33.satoken.exception.NotLoginException.newInstance(NotLoginException.java:137)
	at cn.dev33.satoken.exception.NotLoginException.newInstance(NotLoginException.java:104)
	at cn.dev33.satoken.stp.StpLogic.getLoginId(StpLogic.java:673)
	at cn.dev33.satoken.stp.StpLogic.checkLogin(StpLogic.java:658)
	at cn.dev33.satoken.stp.StpLogic.checkByAnnotation(StpLogic.java:1637)
	at cn.dev33.satoken.strategy.SaStrategy.lambda$new$4(SaStrategy.java:145)
	at cn.dev33.satoken.strategy.SaStrategy.lambda$new$3(SaStrategy.java:134)
	at cn.dev33.satoken.interceptor.SaInterceptor.preHandle(SaInterceptor.java:93)
	at org.springframework.web.servlet.HandlerExecutionChain.applyPreHandle(HandlerExecutionChain.java:148)
	at org.springframework.web.servlet.DispatcherServlet.doDispatch(DispatcherServlet.java:1067)
	at org.springframework.web.servlet.DispatcherServlet.doService(DispatcherServlet.java:965)
	at org.springframework.web.servlet.FrameworkServlet.processRequest(FrameworkServlet.java:1006)
	at org.springframework.web.servlet.FrameworkServlet.doGet(FrameworkServlet.java:898)
	at javax.servlet.http.HttpServlet.service(HttpServlet.java:529)
	at org.springframework.web.servlet.FrameworkServlet.service(FrameworkServlet.java:883)
	at javax.servlet.http.HttpServlet.service(HttpServlet.java:623)
	at org.apache.catalina.core.ApplicationFilterChain.internalDoFilter(ApplicationFilterChain.java:209)
	at org.apache.catalina.core.ApplicationFilterChain.doFilter(ApplicationFilterChain.java:153)
	at org.apache.tomcat.websocket.server.WsFilter.doFilter(WsFilter.java:51)
	at org.apache.catalina.core.ApplicationFilterChain.internalDoFilter(ApplicationFilterChain.java:178)
	at org.apache.catalina.core.ApplicationFilterChain.doFilter(ApplicationFilterChain.java:153)
	at org.springframework.web.filter.RequestContextFilter.doFilterInternal(RequestContextFilter.java:100)
	at org.springframework.web.filter.OncePerRequestFilter.doFilter(OncePerRequestFilter.java:117)
	at org.apache.catalina.core.ApplicationFilterChain.internalDoFilter(ApplicationFilterChain.java:178)
	at org.apache.catalina.core.ApplicationFilterChain.doFilter(ApplicationFilterChain.java:153)
	at org.springframework.web.filter.FormContentFilter.doFilterInternal(FormContentFilter.java:93)
	at org.springframework.web.filter.OncePerRequestFilter.doFilter(OncePerRequestFilter.java:117)
	at org.apache.catalina.core.ApplicationFilterChain.internalDoFilter(ApplicationFilterChain.java:178)
	at org.apache.catalina.core.ApplicationFilterChain.doFilter(ApplicationFilterChain.java:153)
	at org.springframework.web.filter.CharacterEncodingFilter.doFilterInternal(CharacterEncodingFilter.java:201)
	at org.springframework.web.filter.OncePerRequestFilter.doFilter(OncePerRequestFilter.java:117)
	at org.apache.catalina.core.ApplicationFilterChain.internalDoFilter(ApplicationFilterChain.java:178)
	at org.apache.catalina.core.ApplicationFilterChain.doFilter(ApplicationFilterChain.java:153)
	at org.apache.catalina.core.StandardWrapperValve.invoke(StandardWrapperValve.java:167)
	at org.apache.catalina.core.StandardContextValve.invoke(StandardContextValve.java:90)
	at org.apache.catalina.authenticator.AuthenticatorBase.invoke(AuthenticatorBase.java:481)
	at org.apache.catalina.core.StandardHostValve.invoke(StandardHostValve.java:130)
	at org.apache.catalina.valves.ErrorReportValve.invoke(ErrorReportValve.java:93)
	at org.apache.catalina.core.StandardEngineValve.invoke(StandardEngineValve.java:74)
	at org.apache.catalina.connector.CoyoteAdapter.service(CoyoteAdapter.java:343)
	at org.apache.coyote.http11.Http11Processor.service(Http11Processor.java:390)
	at org.apache.coyote.AbstractProcessorLight.process(AbstractProcessorLight.java:63)
	at org.apache.coyote.AbstractProtocol$ConnectionHandler.process(AbstractProtocol.java:926)
	at org.apache.tomcat.util.net.NioEndpoint$SocketProcessor.doRun(NioEndpoint.java:1790)
	at org.apache.tomcat.util.net.SocketProcessorBase.run(SocketProcessorBase.java:52)
	at org.apache.tomcat.util.threads.ThreadPoolExecutor.runWorker(ThreadPoolExecutor.java:1191)
	at org.apache.tomcat.util.threads.ThreadPoolExecutor$Worker.run(ThreadPoolExecutor.java:659)
	at org.apache.tomcat.util.threads.TaskThread$WrappingRunnable.run(TaskThread.java:61)
	at java.base/java.lang.Thread.run(Thread.java:834)
2025-06-04 15:46:59.514 [http-nio-8080-exec-2] INFO  c.example.controller.AuthController - 接收登录请求: wk
2025-06-04 15:46:59.517 [http-nio-8080-exec-2] INFO  c.e.service.impl.UserServiceImpl - 查找用户: wk
2025-06-04 15:46:59.521 [http-nio-8080-exec-2] DEBUG c.e.mapper.UserMapper.findByUsername - ==>  Preparing: SELECT * FROM users WHERE username = ?
2025-06-04 15:46:59.522 [http-nio-8080-exec-2] DEBUG c.e.mapper.UserMapper.findByUsername - ==> Parameters: wk(String)
2025-06-04 15:46:59.525 [http-nio-8080-exec-2] DEBUG c.e.mapper.UserMapper.findByUsername - <==      Total: 1
2025-06-04 15:46:59.548 [http-nio-8080-exec-2] INFO  c.e.service.impl.UserServiceImpl - 更新用户登录时间: 4
2025-06-04 15:46:59.549 [http-nio-8080-exec-2] DEBUG c.e.m.UserMapper.updateLastLoginTime - ==>  Preparing: UPDATE users SET last_login_time = ? WHERE id = ?
2025-06-04 15:46:59.549 [http-nio-8080-exec-2] DEBUG c.e.m.UserMapper.updateLastLoginTime - ==> Parameters: 2025-06-04T15:46:59.548190300(LocalDateTime), 4(Long)
2025-06-04 15:46:59.551 [http-nio-8080-exec-2] DEBUG c.e.m.UserMapper.updateLastLoginTime - <==    Updates: 1
2025-06-04 15:46:59.551 [http-nio-8080-exec-2] INFO  c.e.service.impl.UserServiceImpl - 用户登录成功: wk
2025-06-04 17:02:05.383 [SpringApplicationShutdownHook] INFO  com.zaxxer.hikari.HikariDataSource - HikariPool-1 - Shutdown initiated...
2025-06-04 17:02:05.391 [SpringApplicationShutdownHook] INFO  com.zaxxer.hikari.HikariDataSource - HikariPool-1 - Shutdown completed.
2025-06-04 17:02:10.833 [background-preinit] INFO  o.h.validator.internal.util.Version - HV000001: Hibernate Validator 6.2.5.Final
2025-06-04 17:02:10.833 [main] INFO  com.example.AimatchApplication - Starting AimatchApplication using Java 11.0.22 on wk with PID 748 (C:\Users\wk794\IdeaProjects\aimatch\target\classes started by wk794 in C:\Users\wk794\IdeaProjects\aimatch)
2025-06-04 17:02:10.833 [main] DEBUG com.example.AimatchApplication - Running with Spring Boot v2.7.15, Spring v5.3.29
2025-06-04 17:02:10.833 [main] INFO  com.example.AimatchApplication - No active profile set, falling back to 1 default profile: "default"
2025-06-04 17:02:11.212 [main] INFO  o.s.d.r.c.RepositoryConfigurationDelegate - Multiple Spring Data modules found, entering strict repository configuration mode
2025-06-04 17:02:11.212 [main] INFO  o.s.d.r.c.RepositoryConfigurationDelegate - Bootstrapping Spring Data Redis repositories in DEFAULT mode.
2025-06-04 17:02:11.224 [main] INFO  o.s.d.r.c.RepositoryConfigurationDelegate - Finished Spring Data repository scanning in 4 ms. Found 0 Redis repository interfaces.
2025-06-04 17:02:11.540 [main] INFO  o.s.b.w.e.tomcat.TomcatWebServer - Tomcat initialized with port(s): 8080 (http)
2025-06-04 17:02:11.545 [main] INFO  o.a.coyote.http11.Http11NioProtocol - Initializing ProtocolHandler ["http-nio-8080"]
2025-06-04 17:02:11.545 [main] INFO  o.a.catalina.core.StandardService - Starting service [Tomcat]
2025-06-04 17:02:11.545 [main] INFO  o.a.catalina.core.StandardEngine - Starting Servlet engine: [Apache Tomcat/9.0.79]
2025-06-04 17:02:11.624 [main] INFO  o.a.c.c.C.[Tomcat].[localhost].[/] - Initializing Spring embedded WebApplicationContext
2025-06-04 17:02:11.624 [main] INFO  o.s.b.w.s.c.ServletWebServerApplicationContext - Root WebApplicationContext: initialization completed in 767 ms
2025-06-04 17:02:12.595 [main] INFO  o.a.coyote.http11.Http11NioProtocol - Starting ProtocolHandler ["http-nio-8080"]
2025-06-04 17:02:12.607 [main] INFO  o.s.b.w.e.tomcat.TomcatWebServer - Tomcat started on port(s): 8080 (http) with context path ''
2025-06-04 17:02:12.616 [main] INFO  com.example.AimatchApplication - Started AimatchApplication in 2.091 seconds (JVM running for 2.786)
2025-06-04 17:24:52.932 [http-nio-8080-exec-1] INFO  o.a.c.c.C.[Tomcat].[localhost].[/] - Initializing Spring DispatcherServlet 'dispatcherServlet'
2025-06-04 17:24:52.932 [http-nio-8080-exec-1] INFO  o.s.web.servlet.DispatcherServlet - Initializing Servlet 'dispatcherServlet'
2025-06-04 17:24:52.937 [http-nio-8080-exec-1] INFO  o.s.web.servlet.DispatcherServlet - Completed initialization in 5 ms
2025-06-04 17:24:53.078 [http-nio-8080-exec-1] INFO  c.example.controller.AuthController - 接收登录请求: wk
2025-06-04 17:24:53.108 [http-nio-8080-exec-1] INFO  c.e.service.impl.UserServiceImpl - 查找用户: wk
2025-06-04 17:24:53.148 [http-nio-8080-exec-1] INFO  com.zaxxer.hikari.HikariDataSource - HikariPool-1 - Starting...
2025-06-04 17:24:53.466 [http-nio-8080-exec-1] INFO  com.zaxxer.hikari.HikariDataSource - HikariPool-1 - Start completed.
2025-06-04 17:24:53.478 [http-nio-8080-exec-1] DEBUG c.e.mapper.UserMapper.findByUsername - ==>  Preparing: SELECT * FROM users WHERE username = ?
2025-06-04 17:24:53.519 [http-nio-8080-exec-1] DEBUG c.e.mapper.UserMapper.findByUsername - ==> Parameters: wk(String)
2025-06-04 17:24:53.558 [http-nio-8080-exec-1] DEBUG c.e.mapper.UserMapper.findByUsername - <==      Total: 1
2025-06-04 17:24:54.737 [http-nio-8080-exec-1] INFO  c.e.service.impl.UserServiceImpl - 更新用户登录时间: 4
2025-06-04 17:24:54.741 [http-nio-8080-exec-1] DEBUG c.e.m.UserMapper.updateLastLoginTime - ==>  Preparing: UPDATE users SET last_login_time = ? WHERE id = ?
2025-06-04 17:24:54.741 [http-nio-8080-exec-1] DEBUG c.e.m.UserMapper.updateLastLoginTime - ==> Parameters: 2025-06-04T17:24:54.737613300(LocalDateTime), 4(Long)
2025-06-04 17:24:54.754 [http-nio-8080-exec-1] DEBUG c.e.m.UserMapper.updateLastLoginTime - <==    Updates: 1
2025-06-04 17:24:54.754 [http-nio-8080-exec-1] INFO  c.e.service.impl.UserServiceImpl - 用户登录成功: wk
2025-06-04 20:31:45.892 [lettuce-nioEventLoop-4-1] INFO  i.l.core.protocol.CommandHandler - null Unexpected exception during request: java.io.IOException: 远程主机强迫关闭了一个现有的连接。
java.io.IOException: 远程主机强迫关闭了一个现有的连接。
	at java.base/sun.nio.ch.SocketDispatcher.read0(Native Method)
	at java.base/sun.nio.ch.SocketDispatcher.read(SocketDispatcher.java:43)
	at java.base/sun.nio.ch.IOUtil.readIntoNativeBuffer(IOUtil.java:276)
	at java.base/sun.nio.ch.IOUtil.read(IOUtil.java:233)
	at java.base/sun.nio.ch.IOUtil.read(IOUtil.java:223)
	at java.base/sun.nio.ch.SocketChannelImpl.read(SocketChannelImpl.java:358)
	at io.netty.buffer.PooledByteBuf.setBytes(PooledByteBuf.java:254)
	at io.netty.buffer.AbstractByteBuf.writeBytes(AbstractByteBuf.java:1132)
	at io.netty.channel.socket.nio.NioSocketChannel.doReadBytes(NioSocketChannel.java:357)
	at io.netty.channel.nio.AbstractNioByteChannel$NioByteUnsafe.read(AbstractNioByteChannel.java:151)
	at io.netty.channel.nio.NioEventLoop.processSelectedKey(NioEventLoop.java:788)
	at io.netty.channel.nio.NioEventLoop.processSelectedKeysOptimized(NioEventLoop.java:724)
	at io.netty.channel.nio.NioEventLoop.processSelectedKeys(NioEventLoop.java:650)
	at io.netty.channel.nio.NioEventLoop.run(NioEventLoop.java:562)
	at io.netty.util.concurrent.SingleThreadEventExecutor$4.run(SingleThreadEventExecutor.java:997)
	at io.netty.util.internal.ThreadExecutorMap$2.run(ThreadExecutorMap.java:74)
	at io.netty.util.concurrent.FastThreadLocalRunnable.run(FastThreadLocalRunnable.java:30)
	at java.base/java.lang.Thread.run(Thread.java:834)
2025-06-04 20:31:45.967 [lettuce-eventExecutorLoop-1-12] INFO  i.l.core.protocol.ConnectionWatchdog - Reconnecting, last destination was /192.168.64.128:6379
2025-06-04 20:31:45.994 [lettuce-nioEventLoop-4-2] WARN  i.l.core.protocol.ConnectionWatchdog - Cannot reconnect to [192.168.64.128:6379]: No route to host: no further information: /192.168.64.128:6379
io.netty.channel.AbstractChannel$AnnotatedNoRouteToHostException: No route to host: no further information: /192.168.64.128:6379
Caused by: java.net.NoRouteToHostException: No route to host: no further information
	at java.base/sun.nio.ch.SocketChannelImpl.checkConnect(Native Method)
	at java.base/sun.nio.ch.SocketChannelImpl.finishConnect(SocketChannelImpl.java:779)
	at io.netty.channel.socket.nio.NioSocketChannel.doFinishConnect(NioSocketChannel.java:337)
	at io.netty.channel.nio.AbstractNioChannel$AbstractNioUnsafe.finishConnect(AbstractNioChannel.java:334)
	at io.netty.channel.nio.NioEventLoop.processSelectedKey(NioEventLoop.java:776)
	at io.netty.channel.nio.NioEventLoop.processSelectedKeysOptimized(NioEventLoop.java:724)
	at io.netty.channel.nio.NioEventLoop.processSelectedKeys(NioEventLoop.java:650)
	at io.netty.channel.nio.NioEventLoop.run(NioEventLoop.java:562)
	at io.netty.util.concurrent.SingleThreadEventExecutor$4.run(SingleThreadEventExecutor.java:997)
	at io.netty.util.internal.ThreadExecutorMap$2.run(ThreadExecutorMap.java:74)
	at io.netty.util.concurrent.FastThreadLocalRunnable.run(FastThreadLocalRunnable.java:30)
	at java.base/java.lang.Thread.run(Thread.java:834)
