2025-06-03 15:12:24.882 [background-preinit] INFO  o.h.validator.internal.util.Version - HV000001: Hibernate Validator 6.2.5.Final
2025-06-03 15:12:24.893 [main] INFO  com.example.AimatchApplication - Starting AimatchApplication using Java 11.0.22 on wk with PID 13048 (C:\Users\wk794\IdeaProjects\aimatch\target\classes started by wk794 in C:\Users\wk794\IdeaProjects\aimatch)
2025-06-03 15:12:24.893 [main] DEBUG com.example.AimatchApplication - Running with Spring Boot v2.7.15, Spring v5.3.29
2025-06-03 15:12:24.893 [main] INFO  com.example.AimatchApplication - No active profile set, falling back to 1 default profile: "default"
2025-06-03 15:12:25.369 [main] INFO  o.s.d.r.c.RepositoryConfigurationDelegate - Multiple Spring Data modules found, entering strict repository configuration mode
2025-06-03 15:12:25.369 [main] INFO  o.s.d.r.c.RepositoryConfigurationDelegate - Bootstrapping Spring Data Redis repositories in DEFAULT mode.
2025-06-03 15:12:25.386 [main] INFO  o.s.d.r.c.RepositoryConfigurationDelegate - Finished Spring Data repository scanning in 5 ms. Found 0 Redis repository interfaces.
2025-06-03 15:12:25.766 [main] INFO  o.s.b.w.e.tomcat.TomcatWebServer - Tomcat initialized with port(s): 8080 (http)
2025-06-03 15:12:25.773 [main] INFO  o.a.coyote.http11.Http11NioProtocol - Initializing ProtocolHandler ["http-nio-8080"]
2025-06-03 15:12:25.777 [main] INFO  o.a.catalina.core.StandardService - Starting service [Tomcat]
2025-06-03 15:12:25.777 [main] INFO  o.a.catalina.core.StandardEngine - Starting Servlet engine: [Apache Tomcat/9.0.79]
2025-06-03 15:12:25.861 [main] INFO  o.a.c.c.C.[Tomcat].[localhost].[/] - Initializing Spring embedded WebApplicationContext
2025-06-03 15:12:25.861 [main] INFO  o.s.b.w.s.c.ServletWebServerApplicationContext - Root WebApplicationContext: initialization completed in 940 ms
2025-06-03 15:12:27.014 [main] INFO  o.a.coyote.http11.Http11NioProtocol - Starting ProtocolHandler ["http-nio-8080"]
2025-06-03 15:12:27.028 [main] INFO  o.s.b.w.e.tomcat.TomcatWebServer - Tomcat started on port(s): 8080 (http) with context path ''
2025-06-03 15:12:27.035 [main] INFO  com.example.AimatchApplication - Started AimatchApplication in 2.507 seconds (JVM running for 3.25)
2025-06-03 15:16:06.289 [main] INFO  com.example.AimatchApplication - Starting AimatchApplication using Java 11.0.22 on wk with PID 37964 (C:\Users\wk794\IdeaProjects\aimatch\target\classes started by wk794 in C:\Users\wk794\IdeaProjects\aimatch)
2025-06-03 15:16:06.289 [background-preinit] INFO  o.h.validator.internal.util.Version - HV000001: Hibernate Validator 6.2.5.Final
2025-06-03 15:16:06.289 [main] DEBUG com.example.AimatchApplication - Running with Spring Boot v2.7.15, Spring v5.3.29
2025-06-03 15:16:06.289 [main] INFO  com.example.AimatchApplication - No active profile set, falling back to 1 default profile: "default"
2025-06-03 15:16:06.679 [main] INFO  o.s.d.r.c.RepositoryConfigurationDelegate - Multiple Spring Data modules found, entering strict repository configuration mode
2025-06-03 15:16:06.681 [main] INFO  o.s.d.r.c.RepositoryConfigurationDelegate - Bootstrapping Spring Data Redis repositories in DEFAULT mode.
2025-06-03 15:16:06.694 [main] INFO  o.s.d.r.c.RepositoryConfigurationDelegate - Finished Spring Data repository scanning in 5 ms. Found 0 Redis repository interfaces.
2025-06-03 15:16:07.017 [main] INFO  o.s.b.w.e.tomcat.TomcatWebServer - Tomcat initialized with port(s): 8080 (http)
2025-06-03 15:16:07.022 [main] INFO  o.a.coyote.http11.Http11NioProtocol - Initializing ProtocolHandler ["http-nio-8080"]
2025-06-03 15:16:07.023 [main] INFO  o.a.catalina.core.StandardService - Starting service [Tomcat]
2025-06-03 15:16:07.023 [main] INFO  o.a.catalina.core.StandardEngine - Starting Servlet engine: [Apache Tomcat/9.0.79]
2025-06-03 15:16:07.101 [main] INFO  o.a.c.c.C.[Tomcat].[localhost].[/] - Initializing Spring embedded WebApplicationContext
2025-06-03 15:16:07.101 [main] INFO  o.s.b.w.s.c.ServletWebServerApplicationContext - Root WebApplicationContext: initialization completed in 788 ms
2025-06-03 15:16:08.057 [main] INFO  o.a.coyote.http11.Http11NioProtocol - Starting ProtocolHandler ["http-nio-8080"]
2025-06-03 15:16:08.068 [main] INFO  o.s.b.w.e.tomcat.TomcatWebServer - Tomcat started on port(s): 8080 (http) with context path ''
2025-06-03 15:16:08.076 [main] INFO  com.example.AimatchApplication - Started AimatchApplication in 2.139 seconds (JVM running for 2.838)
2025-06-03 15:16:12.989 [http-nio-8080-exec-1] INFO  o.a.c.c.C.[Tomcat].[localhost].[/] - Initializing Spring DispatcherServlet 'dispatcherServlet'
2025-06-03 15:16:12.989 [http-nio-8080-exec-1] INFO  o.s.web.servlet.DispatcherServlet - Initializing Servlet 'dispatcherServlet'
2025-06-03 15:16:12.990 [http-nio-8080-exec-1] INFO  o.s.web.servlet.DispatcherServlet - Completed initialization in 1 ms
2025-06-03 15:16:13.053 [http-nio-8080-exec-1] INFO  c.example.controller.AuthController - 接收登录请求: wk
2025-06-03 15:16:13.063 [http-nio-8080-exec-1] INFO  c.e.service.impl.UserServiceImpl - 查找用户: wk
2025-06-03 15:16:13.079 [http-nio-8080-exec-1] INFO  com.zaxxer.hikari.HikariDataSource - HikariPool-1 - Starting...
2025-06-03 15:16:13.210 [http-nio-8080-exec-1] INFO  com.zaxxer.hikari.HikariDataSource - HikariPool-1 - Start completed.
2025-06-03 15:16:13.221 [http-nio-8080-exec-1] DEBUG c.e.mapper.UserMapper.findByUsername - ==>  Preparing: SELECT * FROM users WHERE username = ?
2025-06-03 15:16:13.244 [http-nio-8080-exec-1] DEBUG c.e.mapper.UserMapper.findByUsername - ==> Parameters: wk(String)
2025-06-03 15:16:13.279 [http-nio-8080-exec-1] DEBUG c.e.mapper.UserMapper.findByUsername - <==      Total: 0
2025-06-03 15:16:13.284 [http-nio-8080-exec-1] ERROR c.e.service.impl.UserServiceImpl - 用户名不存在: wk
2025-06-03 15:16:17.763 [http-nio-8080-exec-4] INFO  c.example.controller.AuthController - 接收登录请求: wk
2025-06-03 15:16:17.763 [http-nio-8080-exec-4] INFO  c.e.service.impl.UserServiceImpl - 查找用户: wk
2025-06-03 15:16:17.764 [http-nio-8080-exec-4] DEBUG c.e.mapper.UserMapper.findByUsername - ==>  Preparing: SELECT * FROM users WHERE username = ?
2025-06-03 15:16:17.765 [http-nio-8080-exec-4] DEBUG c.e.mapper.UserMapper.findByUsername - ==> Parameters: wk(String)
2025-06-03 15:16:17.766 [http-nio-8080-exec-4] DEBUG c.e.mapper.UserMapper.findByUsername - <==      Total: 0
2025-06-03 15:16:17.767 [http-nio-8080-exec-4] ERROR c.e.service.impl.UserServiceImpl - 用户名不存在: wk
2025-06-03 15:17:53.791 [http-nio-8080-exec-6] INFO  c.example.controller.AuthController - 接收注册请求: wk
2025-06-03 15:17:53.801 [http-nio-8080-exec-6] DEBUG c.e.m.UserMapper.existsByUsername - ==>  Preparing: SELECT COUNT(1) FROM users WHERE username = ?
2025-06-03 15:17:53.802 [http-nio-8080-exec-6] DEBUG c.e.m.UserMapper.existsByUsername - ==> Parameters: wk(String)
2025-06-03 15:17:53.805 [http-nio-8080-exec-6] DEBUG c.e.m.UserMapper.existsByUsername - <==      Total: 1
2025-06-03 15:17:53.805 [http-nio-8080-exec-6] DEBUG c.e.mapper.UserMapper.existsByEmail - ==>  Preparing: SELECT COUNT(1) FROM users WHERE email = ?
2025-06-03 15:17:53.805 [http-nio-8080-exec-6] DEBUG c.e.mapper.UserMapper.existsByEmail - ==> Parameters: null
2025-06-03 15:17:53.806 [http-nio-8080-exec-6] DEBUG c.e.mapper.UserMapper.existsByEmail - <==      Total: 1
2025-06-03 15:17:53.809 [http-nio-8080-exec-6] DEBUG com.example.mapper.UserMapper.insert - ==>  Preparing: INSERT INTO users ( username, password, email, user_type, enabled, create_time, update_time ) VALUES ( ?, ?, ?, ?, ?, ?, ? )
2025-06-03 15:17:53.810 [http-nio-8080-exec-6] DEBUG com.example.mapper.UserMapper.insert - ==> Parameters: wk(String), ccf3aac864e8767e23e54e114b68691e1ea6d3fc73dae6136efd370b47c665dc(String), null, USER(String), true(Boolean), 2025-06-03T15:17:53.808160600(LocalDateTime), 2025-06-03T15:17:53.808160600(LocalDateTime)
2025-06-03 15:17:53.815 [http-nio-8080-exec-6] DEBUG com.example.mapper.UserMapper.insert - <==    Updates: 1
2025-06-03 15:17:53.815 [http-nio-8080-exec-6] INFO  c.e.service.impl.UserServiceImpl - 用户注册成功: wk
2025-06-03 15:18:22.831 [http-nio-8080-exec-7] INFO  c.example.controller.AuthController - 接收登录请求: wk
2025-06-03 15:18:22.831 [http-nio-8080-exec-7] INFO  c.e.service.impl.UserServiceImpl - 查找用户: wk
2025-06-03 15:18:22.832 [http-nio-8080-exec-7] DEBUG c.e.mapper.UserMapper.findByUsername - ==>  Preparing: SELECT * FROM users WHERE username = ?
2025-06-03 15:18:22.832 [http-nio-8080-exec-7] DEBUG c.e.mapper.UserMapper.findByUsername - ==> Parameters: wk(String)
2025-06-03 15:18:22.835 [http-nio-8080-exec-7] DEBUG c.e.mapper.UserMapper.findByUsername - <==      Total: 1
2025-06-03 15:18:23.293 [http-nio-8080-exec-7] INFO  c.e.service.impl.UserServiceImpl - 更新用户登录时间: 4
2025-06-03 15:18:23.293 [http-nio-8080-exec-7] DEBUG c.e.m.UserMapper.updateLastLoginTime - ==>  Preparing: UPDATE users SET last_login_time = ? WHERE id = ?
2025-06-03 15:18:23.293 [http-nio-8080-exec-7] DEBUG c.e.m.UserMapper.updateLastLoginTime - ==> Parameters: 2025-06-03T15:18:23.293627900(LocalDateTime), 4(Long)
2025-06-03 15:18:23.296 [http-nio-8080-exec-7] DEBUG c.e.m.UserMapper.updateLastLoginTime - <==    Updates: 1
2025-06-03 15:18:23.296 [http-nio-8080-exec-7] INFO  c.e.service.impl.UserServiceImpl - 用户登录成功: wk
2025-06-03 15:19:29.632 [http-nio-8080-exec-10] INFO  c.example.controller.AuthController - 接收登录请求: wk
2025-06-03 15:19:29.632 [http-nio-8080-exec-10] INFO  c.e.service.impl.UserServiceImpl - 查找用户: wk
2025-06-03 15:19:29.633 [http-nio-8080-exec-10] DEBUG c.e.mapper.UserMapper.findByUsername - ==>  Preparing: SELECT * FROM users WHERE username = ?
2025-06-03 15:19:29.633 [http-nio-8080-exec-10] DEBUG c.e.mapper.UserMapper.findByUsername - ==> Parameters: wk(String)
2025-06-03 15:19:29.635 [http-nio-8080-exec-10] DEBUG c.e.mapper.UserMapper.findByUsername - <==      Total: 1
2025-06-03 15:19:29.647 [http-nio-8080-exec-10] INFO  c.e.service.impl.UserServiceImpl - 更新用户登录时间: 4
2025-06-03 15:19:29.647 [http-nio-8080-exec-10] DEBUG c.e.m.UserMapper.updateLastLoginTime - ==>  Preparing: UPDATE users SET last_login_time = ? WHERE id = ?
2025-06-03 15:19:29.648 [http-nio-8080-exec-10] DEBUG c.e.m.UserMapper.updateLastLoginTime - ==> Parameters: 2025-06-03T15:19:29.647420100(LocalDateTime), 4(Long)
2025-06-03 15:19:29.649 [http-nio-8080-exec-10] DEBUG c.e.m.UserMapper.updateLastLoginTime - <==    Updates: 1
2025-06-03 15:19:29.649 [http-nio-8080-exec-10] INFO  c.e.service.impl.UserServiceImpl - 用户登录成功: wk
2025-06-03 15:19:57.892 [SpringApplicationShutdownHook] INFO  com.zaxxer.hikari.HikariDataSource - HikariPool-1 - Shutdown initiated...
2025-06-03 15:19:57.896 [SpringApplicationShutdownHook] INFO  com.zaxxer.hikari.HikariDataSource - HikariPool-1 - Shutdown completed.
2025-06-03 15:20:00.814 [background-preinit] INFO  o.h.validator.internal.util.Version - HV000001: Hibernate Validator 6.2.5.Final
2025-06-03 15:20:00.815 [main] INFO  com.example.AimatchApplication - Starting AimatchApplication using Java 11.0.22 on wk with PID 33972 (C:\Users\wk794\IdeaProjects\aimatch\target\classes started by wk794 in C:\Users\wk794\IdeaProjects\aimatch)
2025-06-03 15:20:00.815 [main] DEBUG com.example.AimatchApplication - Running with Spring Boot v2.7.15, Spring v5.3.29
2025-06-03 15:20:00.815 [main] INFO  com.example.AimatchApplication - No active profile set, falling back to 1 default profile: "default"
2025-06-03 15:20:01.189 [main] INFO  o.s.d.r.c.RepositoryConfigurationDelegate - Multiple Spring Data modules found, entering strict repository configuration mode
2025-06-03 15:20:01.189 [main] INFO  o.s.d.r.c.RepositoryConfigurationDelegate - Bootstrapping Spring Data Redis repositories in DEFAULT mode.
2025-06-03 15:20:01.205 [main] INFO  o.s.d.r.c.RepositoryConfigurationDelegate - Finished Spring Data repository scanning in 6 ms. Found 0 Redis repository interfaces.
2025-06-03 15:20:01.501 [main] INFO  o.s.b.w.e.tomcat.TomcatWebServer - Tomcat initialized with port(s): 8080 (http)
2025-06-03 15:20:01.506 [main] INFO  o.a.coyote.http11.Http11NioProtocol - Initializing ProtocolHandler ["http-nio-8080"]
2025-06-03 15:20:01.507 [main] INFO  o.a.catalina.core.StandardService - Starting service [Tomcat]
2025-06-03 15:20:01.507 [main] INFO  o.a.catalina.core.StandardEngine - Starting Servlet engine: [Apache Tomcat/9.0.79]
2025-06-03 15:20:01.572 [main] INFO  o.a.c.c.C.[Tomcat].[localhost].[/] - Initializing Spring embedded WebApplicationContext
2025-06-03 15:20:01.572 [main] INFO  o.s.b.w.s.c.ServletWebServerApplicationContext - Root WebApplicationContext: initialization completed in 731 ms
2025-06-03 15:20:02.548 [main] INFO  o.a.coyote.http11.Http11NioProtocol - Starting ProtocolHandler ["http-nio-8080"]
2025-06-03 15:20:02.560 [main] INFO  o.s.b.w.e.tomcat.TomcatWebServer - Tomcat started on port(s): 8080 (http) with context path ''
2025-06-03 15:20:02.569 [main] INFO  com.example.AimatchApplication - Started AimatchApplication in 2.047 seconds (JVM running for 2.688)
2025-06-03 15:21:13.852 [http-nio-8080-exec-2] INFO  o.a.c.c.C.[Tomcat].[localhost].[/] - Initializing Spring DispatcherServlet 'dispatcherServlet'
2025-06-03 15:21:13.852 [http-nio-8080-exec-2] INFO  o.s.web.servlet.DispatcherServlet - Initializing Servlet 'dispatcherServlet'
2025-06-03 15:21:13.853 [http-nio-8080-exec-2] INFO  o.s.web.servlet.DispatcherServlet - Completed initialization in 1 ms
2025-06-03 15:37:02.549 [http-nio-8080-exec-7] INFO  c.example.controller.AuthController - 接收登录请求: wk
2025-06-03 15:37:02.557 [http-nio-8080-exec-7] INFO  c.e.service.impl.UserServiceImpl - 查找用户: wk
2025-06-03 15:37:02.568 [http-nio-8080-exec-7] INFO  com.zaxxer.hikari.HikariDataSource - HikariPool-1 - Starting...
2025-06-03 15:37:02.661 [http-nio-8080-exec-7] INFO  com.zaxxer.hikari.HikariDataSource - HikariPool-1 - Start completed.
2025-06-03 15:37:02.667 [http-nio-8080-exec-7] DEBUG c.e.mapper.UserMapper.findByUsername - ==>  Preparing: SELECT * FROM users WHERE username = ?
2025-06-03 15:37:02.679 [http-nio-8080-exec-7] DEBUG c.e.mapper.UserMapper.findByUsername - ==> Parameters: wk(String)
2025-06-03 15:37:02.692 [http-nio-8080-exec-7] DEBUG c.e.mapper.UserMapper.findByUsername - <==      Total: 1
2025-06-03 15:37:02.728 [http-nio-8080-exec-7] INFO  c.e.service.impl.UserServiceImpl - 更新用户登录时间: 4
2025-06-03 15:37:02.729 [http-nio-8080-exec-7] DEBUG c.e.m.UserMapper.updateLastLoginTime - ==>  Preparing: UPDATE users SET last_login_time = ? WHERE id = ?
2025-06-03 15:37:02.729 [http-nio-8080-exec-7] DEBUG c.e.m.UserMapper.updateLastLoginTime - ==> Parameters: 2025-06-03T15:37:02.728271100(LocalDateTime), 4(Long)
2025-06-03 15:37:02.733 [http-nio-8080-exec-7] DEBUG c.e.m.UserMapper.updateLastLoginTime - <==    Updates: 1
2025-06-03 15:37:02.733 [http-nio-8080-exec-7] INFO  c.e.service.impl.UserServiceImpl - 用户登录成功: wk
2025-06-03 15:46:31.307 [http-nio-8080-exec-7] INFO  c.example.controller.AuthController - 接收登录请求: wk
2025-06-03 15:46:31.307 [http-nio-8080-exec-7] INFO  c.e.service.impl.UserServiceImpl - 查找用户: wk
2025-06-03 15:46:31.307 [http-nio-8080-exec-7] DEBUG c.e.mapper.UserMapper.findByUsername - ==>  Preparing: SELECT * FROM users WHERE username = ?
2025-06-03 15:46:31.307 [http-nio-8080-exec-7] DEBUG c.e.mapper.UserMapper.findByUsername - ==> Parameters: wk(String)
2025-06-03 15:46:31.310 [http-nio-8080-exec-7] DEBUG c.e.mapper.UserMapper.findByUsername - <==      Total: 1
2025-06-03 15:46:31.318 [http-nio-8080-exec-7] INFO  c.e.service.impl.UserServiceImpl - 更新用户登录时间: 4
2025-06-03 15:46:31.321 [http-nio-8080-exec-7] DEBUG c.e.m.UserMapper.updateLastLoginTime - ==>  Preparing: UPDATE users SET last_login_time = ? WHERE id = ?
2025-06-03 15:46:31.321 [http-nio-8080-exec-7] DEBUG c.e.m.UserMapper.updateLastLoginTime - ==> Parameters: 2025-06-03T15:46:31.321697700(LocalDateTime), 4(Long)
2025-06-03 15:46:31.321 [http-nio-8080-exec-7] DEBUG c.e.m.UserMapper.updateLastLoginTime - <==    Updates: 1
2025-06-03 15:46:31.321 [http-nio-8080-exec-7] INFO  c.e.service.impl.UserServiceImpl - 用户登录成功: wk
2025-06-03 15:51:48.816 [HikariPool-1 housekeeper] WARN  com.zaxxer.hikari.pool.HikariPool - HikariPool-1 - Thread starvation or clock leap detected (housekeeper delta=5m16s12ms866µs900ns).
2025-06-03 15:52:29.885 [SpringApplicationShutdownHook] INFO  com.zaxxer.hikari.HikariDataSource - HikariPool-1 - Shutdown initiated...
2025-06-03 15:52:29.897 [SpringApplicationShutdownHook] INFO  com.zaxxer.hikari.HikariDataSource - HikariPool-1 - Shutdown completed.
2025-06-03 15:52:33.482 [background-preinit] INFO  o.h.validator.internal.util.Version - HV000001: Hibernate Validator 6.2.5.Final
2025-06-03 15:52:33.485 [main] INFO  com.example.AimatchApplication - Starting AimatchApplication using Java 11.0.22 on wk with PID 8948 (C:\Users\wk794\IdeaProjects\aimatch\target\classes started by wk794 in C:\Users\wk794\IdeaProjects\aimatch)
2025-06-03 15:52:33.485 [main] DEBUG com.example.AimatchApplication - Running with Spring Boot v2.7.15, Spring v5.3.29
2025-06-03 15:52:33.485 [main] INFO  com.example.AimatchApplication - No active profile set, falling back to 1 default profile: "default"
2025-06-03 15:52:33.869 [main] INFO  o.s.d.r.c.RepositoryConfigurationDelegate - Multiple Spring Data modules found, entering strict repository configuration mode
2025-06-03 15:52:33.872 [main] INFO  o.s.d.r.c.RepositoryConfigurationDelegate - Bootstrapping Spring Data Redis repositories in DEFAULT mode.
2025-06-03 15:52:33.883 [main] INFO  o.s.d.r.c.RepositoryConfigurationDelegate - Finished Spring Data repository scanning in 5 ms. Found 0 Redis repository interfaces.
2025-06-03 15:52:34.187 [main] INFO  o.s.b.w.e.tomcat.TomcatWebServer - Tomcat initialized with port(s): 8080 (http)
2025-06-03 15:52:34.192 [main] INFO  o.a.coyote.http11.Http11NioProtocol - Initializing ProtocolHandler ["http-nio-8080"]
2025-06-03 15:52:34.195 [main] INFO  o.a.catalina.core.StandardService - Starting service [Tomcat]
2025-06-03 15:52:34.195 [main] INFO  o.a.catalina.core.StandardEngine - Starting Servlet engine: [Apache Tomcat/9.0.79]
2025-06-03 15:52:34.267 [main] INFO  o.a.c.c.C.[Tomcat].[localhost].[/] - Initializing Spring embedded WebApplicationContext
2025-06-03 15:52:34.267 [main] INFO  o.s.b.w.s.c.ServletWebServerApplicationContext - Root WebApplicationContext: initialization completed in 760 ms
2025-06-03 15:52:35.300 [main] INFO  o.s.b.w.e.tomcat.TomcatWebServer - Tomcat started on port(s): 8080 (http) with context path ''
2025-06-03 15:52:35.308 [main] INFO  com.example.AimatchApplication - Started AimatchApplication in 2.157 seconds (JVM running for 2.935)
2025-06-03 15:52:38.513 [main] INFO  com.example.AimatchApplication - Starting AimatchApplication using Java 11.0.22 on wk with PID 32760 (C:\Users\wk794\IdeaProjects\aimatch\target\classes started by wk794 in C:\Users\wk794\IdeaProjects\aimatch)
2025-06-03 15:52:38.512 [background-preinit] INFO  o.h.validator.internal.util.Version - HV000001: Hibernate Validator 6.2.5.Final
2025-06-03 15:52:38.513 [main] DEBUG com.example.AimatchApplication - Running with Spring Boot v2.7.15, Spring v5.3.29
2025-06-03 15:52:38.513 [main] INFO  com.example.AimatchApplication - No active profile set, falling back to 1 default profile: "default"
2025-06-03 15:52:38.880 [main] INFO  o.s.d.r.c.RepositoryConfigurationDelegate - Multiple Spring Data modules found, entering strict repository configuration mode
2025-06-03 15:52:38.882 [main] INFO  o.s.d.r.c.RepositoryConfigurationDelegate - Bootstrapping Spring Data Redis repositories in DEFAULT mode.
2025-06-03 15:52:38.895 [main] INFO  o.s.d.r.c.RepositoryConfigurationDelegate - Finished Spring Data repository scanning in 5 ms. Found 0 Redis repository interfaces.
2025-06-03 15:52:39.205 [main] INFO  o.s.b.w.e.tomcat.TomcatWebServer - Tomcat initialized with port(s): 8080 (http)
2025-06-03 15:52:39.211 [main] INFO  o.a.coyote.http11.Http11NioProtocol - Initializing ProtocolHandler ["http-nio-8080"]
2025-06-03 15:52:39.213 [main] INFO  o.a.catalina.core.StandardService - Starting service [Tomcat]
2025-06-03 15:52:39.213 [main] INFO  o.a.catalina.core.StandardEngine - Starting Servlet engine: [Apache Tomcat/9.0.79]
2025-06-03 15:52:39.275 [main] INFO  o.a.c.c.C.[Tomcat].[localhost].[/] - Initializing Spring embedded WebApplicationContext
2025-06-03 15:52:39.279 [main] INFO  o.s.b.w.s.c.ServletWebServerApplicationContext - Root WebApplicationContext: initialization completed in 744 ms
2025-06-03 15:52:40.185 [main] INFO  o.a.coyote.http11.Http11NioProtocol - Starting ProtocolHandler ["http-nio-8080"]
2025-06-03 15:52:40.198 [main] INFO  o.s.b.w.e.tomcat.TomcatWebServer - Tomcat started on port(s): 8080 (http) with context path ''
2025-06-03 15:52:40.204 [main] INFO  com.example.AimatchApplication - Started AimatchApplication in 1.99 seconds (JVM running for 2.654)
2025-06-03 15:53:08.160 [http-nio-8080-exec-3] INFO  o.a.c.c.C.[Tomcat].[localhost].[/] - Initializing Spring DispatcherServlet 'dispatcherServlet'
2025-06-03 15:53:08.160 [http-nio-8080-exec-3] INFO  o.s.web.servlet.DispatcherServlet - Initializing Servlet 'dispatcherServlet'
2025-06-03 15:53:08.160 [http-nio-8080-exec-3] INFO  o.s.web.servlet.DispatcherServlet - Completed initialization in 0 ms
2025-06-03 15:53:52.374 [background-preinit] INFO  o.h.validator.internal.util.Version - HV000001: Hibernate Validator 6.2.5.Final
2025-06-03 15:53:52.374 [main] INFO  com.example.AimatchApplication - Starting AimatchApplication using Java 11.0.22 on wk with PID 14824 (C:\Users\wk794\IdeaProjects\aimatch\target\classes started by wk794 in C:\Users\wk794\IdeaProjects\aimatch)
2025-06-03 15:53:52.377 [main] DEBUG com.example.AimatchApplication - Running with Spring Boot v2.7.15, Spring v5.3.29
2025-06-03 15:53:52.377 [main] INFO  com.example.AimatchApplication - No active profile set, falling back to 1 default profile: "default"
2025-06-03 15:53:52.752 [main] INFO  o.s.d.r.c.RepositoryConfigurationDelegate - Multiple Spring Data modules found, entering strict repository configuration mode
2025-06-03 15:53:52.752 [main] INFO  o.s.d.r.c.RepositoryConfigurationDelegate - Bootstrapping Spring Data Redis repositories in DEFAULT mode.
2025-06-03 15:53:52.765 [main] INFO  o.s.d.r.c.RepositoryConfigurationDelegate - Finished Spring Data repository scanning in 4 ms. Found 0 Redis repository interfaces.
2025-06-03 15:53:53.042 [main] INFO  o.s.b.w.e.tomcat.TomcatWebServer - Tomcat initialized with port(s): 8080 (http)
2025-06-03 15:53:53.050 [main] INFO  o.a.coyote.http11.Http11NioProtocol - Initializing ProtocolHandler ["http-nio-8080"]
2025-06-03 15:53:53.050 [main] INFO  o.a.catalina.core.StandardService - Starting service [Tomcat]
2025-06-03 15:53:53.050 [main] INFO  o.a.catalina.core.StandardEngine - Starting Servlet engine: [Apache Tomcat/9.0.79]
2025-06-03 15:53:53.110 [main] INFO  o.a.c.c.C.[Tomcat].[localhost].[/] - Initializing Spring embedded WebApplicationContext
2025-06-03 15:53:53.110 [main] INFO  o.s.b.w.s.c.ServletWebServerApplicationContext - Root WebApplicationContext: initialization completed in 709 ms
2025-06-03 15:53:54.043 [main] INFO  o.a.coyote.http11.Http11NioProtocol - Starting ProtocolHandler ["http-nio-8080"]
2025-06-03 15:53:54.055 [main] INFO  o.s.b.w.e.tomcat.TomcatWebServer - Tomcat started on port(s): 8080 (http) with context path ''
2025-06-03 15:53:54.063 [main] INFO  com.example.AimatchApplication - Started AimatchApplication in 1.97 seconds (JVM running for 2.608)
2025-06-03 15:54:11.196 [background-preinit] INFO  o.h.validator.internal.util.Version - HV000001: Hibernate Validator 6.2.5.Final
2025-06-03 15:54:11.201 [main] INFO  com.example.AimatchApplication - Starting AimatchApplication using Java 11.0.22 on wk with PID 19060 (C:\Users\wk794\IdeaProjects\aimatch\target\classes started by wk794 in C:\Users\wk794\IdeaProjects\aimatch)
2025-06-03 15:54:11.203 [main] DEBUG com.example.AimatchApplication - Running with Spring Boot v2.7.15, Spring v5.3.29
2025-06-03 15:54:11.203 [main] INFO  com.example.AimatchApplication - No active profile set, falling back to 1 default profile: "default"
2025-06-03 15:54:11.596 [main] INFO  o.s.d.r.c.RepositoryConfigurationDelegate - Multiple Spring Data modules found, entering strict repository configuration mode
2025-06-03 15:54:11.596 [main] INFO  o.s.d.r.c.RepositoryConfigurationDelegate - Bootstrapping Spring Data Redis repositories in DEFAULT mode.
2025-06-03 15:54:11.613 [main] INFO  o.s.d.r.c.RepositoryConfigurationDelegate - Finished Spring Data repository scanning in 5 ms. Found 0 Redis repository interfaces.
2025-06-03 15:54:11.942 [main] INFO  o.s.b.w.e.tomcat.TomcatWebServer - Tomcat initialized with port(s): 8080 (http)
2025-06-03 15:54:11.947 [main] INFO  o.a.coyote.http11.Http11NioProtocol - Initializing ProtocolHandler ["http-nio-8080"]
2025-06-03 15:54:11.947 [main] INFO  o.a.catalina.core.StandardService - Starting service [Tomcat]
2025-06-03 15:54:11.947 [main] INFO  o.a.catalina.core.StandardEngine - Starting Servlet engine: [Apache Tomcat/9.0.79]
2025-06-03 15:54:12.024 [main] INFO  o.a.c.c.C.[Tomcat].[localhost].[/] - Initializing Spring embedded WebApplicationContext
2025-06-03 15:54:12.024 [main] INFO  o.s.b.w.s.c.ServletWebServerApplicationContext - Root WebApplicationContext: initialization completed in 795 ms
2025-06-03 15:54:13.116 [main] INFO  o.a.coyote.http11.Http11NioProtocol - Starting ProtocolHandler ["http-nio-8080"]
2025-06-03 15:54:13.132 [main] INFO  o.s.b.w.e.tomcat.TomcatWebServer - Tomcat started on port(s): 8080 (http) with context path ''
2025-06-03 15:54:13.140 [main] INFO  com.example.AimatchApplication - Started AimatchApplication in 2.257 seconds (JVM running for 2.932)
2025-06-03 15:54:15.116 [http-nio-8080-exec-1] INFO  o.a.c.c.C.[Tomcat].[localhost].[/] - Initializing Spring DispatcherServlet 'dispatcherServlet'
2025-06-03 15:54:15.116 [http-nio-8080-exec-1] INFO  o.s.web.servlet.DispatcherServlet - Initializing Servlet 'dispatcherServlet'
2025-06-03 15:54:15.116 [http-nio-8080-exec-1] INFO  o.s.web.servlet.DispatcherServlet - Completed initialization in 0 ms
2025-06-03 15:56:27.162 [background-preinit] INFO  o.h.validator.internal.util.Version - HV000001: Hibernate Validator 6.2.5.Final
2025-06-03 15:56:27.165 [main] INFO  com.example.AimatchApplication - Starting AimatchApplication using Java 11.0.22 on wk with PID 1460 (C:\Users\wk794\IdeaProjects\aimatch\target\classes started by wk794 in C:\Users\wk794\IdeaProjects\aimatch)
2025-06-03 15:56:27.169 [main] DEBUG com.example.AimatchApplication - Running with Spring Boot v2.7.15, Spring v5.3.29
2025-06-03 15:56:27.169 [main] INFO  com.example.AimatchApplication - No active profile set, falling back to 1 default profile: "default"
2025-06-03 15:56:27.638 [main] INFO  o.s.d.r.c.RepositoryConfigurationDelegate - Multiple Spring Data modules found, entering strict repository configuration mode
2025-06-03 15:56:27.640 [main] INFO  o.s.d.r.c.RepositoryConfigurationDelegate - Bootstrapping Spring Data Redis repositories in DEFAULT mode.
2025-06-03 15:56:27.658 [main] INFO  o.s.d.r.c.RepositoryConfigurationDelegate - Finished Spring Data repository scanning in 6 ms. Found 0 Redis repository interfaces.
2025-06-03 15:56:28.022 [main] INFO  o.s.b.w.e.tomcat.TomcatWebServer - Tomcat initialized with port(s): 8080 (http)
2025-06-03 15:56:28.026 [main] INFO  o.a.coyote.http11.Http11NioProtocol - Initializing ProtocolHandler ["http-nio-8080"]
2025-06-03 15:56:28.026 [main] INFO  o.a.catalina.core.StandardService - Starting service [Tomcat]
2025-06-03 15:56:28.026 [main] INFO  o.a.catalina.core.StandardEngine - Starting Servlet engine: [Apache Tomcat/9.0.79]
2025-06-03 15:56:28.112 [main] INFO  o.a.c.c.C.[Tomcat].[localhost].[/] - Initializing Spring embedded WebApplicationContext
2025-06-03 15:56:28.112 [main] INFO  o.s.b.w.s.c.ServletWebServerApplicationContext - Root WebApplicationContext: initialization completed in 915 ms
2025-06-03 15:56:29.182 [main] INFO  o.a.coyote.http11.Http11NioProtocol - Starting ProtocolHandler ["http-nio-8080"]
2025-06-03 15:56:29.196 [main] INFO  o.s.b.w.e.tomcat.TomcatWebServer - Tomcat started on port(s): 8080 (http) with context path ''
2025-06-03 15:56:29.204 [main] INFO  com.example.AimatchApplication - Started AimatchApplication in 2.373 seconds (JVM running for 3.08)
2025-06-03 15:56:33.613 [http-nio-8080-exec-1] INFO  o.a.c.c.C.[Tomcat].[localhost].[/] - Initializing Spring DispatcherServlet 'dispatcherServlet'
2025-06-03 15:56:33.613 [http-nio-8080-exec-1] INFO  o.s.web.servlet.DispatcherServlet - Initializing Servlet 'dispatcherServlet'
2025-06-03 15:56:33.614 [http-nio-8080-exec-1] INFO  o.s.web.servlet.DispatcherServlet - Completed initialization in 0 ms
2025-06-03 15:56:59.320 [background-preinit] INFO  o.h.validator.internal.util.Version - HV000001: Hibernate Validator 6.2.5.Final
2025-06-03 15:56:59.322 [main] INFO  com.example.AimatchApplication - Starting AimatchApplication using Java 11.0.22 on wk with PID 23932 (C:\Users\wk794\IdeaProjects\aimatch\target\classes started by wk794 in C:\Users\wk794\IdeaProjects\aimatch)
2025-06-03 15:56:59.322 [main] DEBUG com.example.AimatchApplication - Running with Spring Boot v2.7.15, Spring v5.3.29
2025-06-03 15:56:59.326 [main] INFO  com.example.AimatchApplication - No active profile set, falling back to 1 default profile: "default"
2025-06-03 15:56:59.695 [main] INFO  o.s.d.r.c.RepositoryConfigurationDelegate - Multiple Spring Data modules found, entering strict repository configuration mode
2025-06-03 15:56:59.696 [main] INFO  o.s.d.r.c.RepositoryConfigurationDelegate - Bootstrapping Spring Data Redis repositories in DEFAULT mode.
2025-06-03 15:56:59.709 [main] INFO  o.s.d.r.c.RepositoryConfigurationDelegate - Finished Spring Data repository scanning in 4 ms. Found 0 Redis repository interfaces.
2025-06-03 15:56:59.982 [main] INFO  o.s.b.w.e.tomcat.TomcatWebServer - Tomcat initialized with port(s): 8080 (http)
2025-06-03 15:56:59.985 [main] INFO  o.a.coyote.http11.Http11NioProtocol - Initializing ProtocolHandler ["http-nio-8080"]
2025-06-03 15:56:59.985 [main] INFO  o.a.catalina.core.StandardService - Starting service [Tomcat]
2025-06-03 15:56:59.985 [main] INFO  o.a.catalina.core.StandardEngine - Starting Servlet engine: [Apache Tomcat/9.0.79]
2025-06-03 15:57:00.048 [main] INFO  o.a.c.c.C.[Tomcat].[localhost].[/] - Initializing Spring embedded WebApplicationContext
2025-06-03 15:57:00.048 [main] INFO  o.s.b.w.s.c.ServletWebServerApplicationContext - Root WebApplicationContext: initialization completed in 698 ms
2025-06-03 15:57:01.128 [main] INFO  o.a.coyote.http11.Http11NioProtocol - Starting ProtocolHandler ["http-nio-8080"]
2025-06-03 15:57:01.144 [main] INFO  o.s.b.w.e.tomcat.TomcatWebServer - Tomcat started on port(s): 8080 (http) with context path ''
2025-06-03 15:57:01.152 [main] INFO  com.example.AimatchApplication - Started AimatchApplication in 2.119 seconds (JVM running for 2.765)
