2025-06-05 09:08:07.658 [lettuce-eventExecutorLoop-1-13] INFO  i.l.core.protocol.ConnectionWatchdog - Reconnecting, last destination was 192.168.64.128:6379
2025-06-05 09:08:07.923 [lettuce-nioEventLoop-4-3] WARN  i.l.core.protocol.ConnectionWatchdog - Cannot reconnect to [192.168.64.128:6379]: No route to host: no further information: /192.168.64.128:6379
io.netty.channel.AbstractChannel$AnnotatedNoRouteToHostException: No route to host: no further information: /192.168.64.128:6379
Caused by: java.net.NoRouteToHostException: No route to host: no further information
	at java.base/sun.nio.ch.SocketChannelImpl.checkConnect(Native Method)
	at java.base/sun.nio.ch.SocketChannelImpl.finishConnect(SocketChannelImpl.java:779)
	at io.netty.channel.socket.nio.NioSocketChannel.doFinishConnect(NioSocketChannel.java:337)
	at io.netty.channel.nio.AbstractNioChannel$AbstractNioUnsafe.finishConnect(AbstractNioChannel.java:334)
	at io.netty.channel.nio.NioEventLoop.processSelectedKey(NioEventLoop.java:776)
	at io.netty.channel.nio.NioEventLoop.processSelectedKeysOptimized(NioEventLoop.java:724)
	at io.netty.channel.nio.NioEventLoop.processSelectedKeys(NioEventLoop.java:650)
	at io.netty.channel.nio.NioEventLoop.run(NioEventLoop.java:562)
	at io.netty.util.concurrent.SingleThreadEventExecutor$4.run(SingleThreadEventExecutor.java:997)
	at io.netty.util.internal.ThreadExecutorMap$2.run(ThreadExecutorMap.java:74)
	at io.netty.util.concurrent.FastThreadLocalRunnable.run(FastThreadLocalRunnable.java:30)
	at java.base/java.lang.Thread.run(Thread.java:834)
2025-06-05 09:08:16.209 [HikariPool-1 housekeeper] WARN  com.zaxxer.hikari.pool.HikariPool - HikariPool-1 - Thread starvation or clock leap detected (housekeeper delta=15h36m56s801ms543µs300ns).
2025-06-05 09:08:18.206 [lettuce-nioEventLoop-4-12] INFO  i.l.c.protocol.ReconnectionHandler - Reconnected to 192.168.64.128:6379
2025-06-05 09:23:06.513 [http-nio-8080-exec-5] INFO  c.example.controller.AuthController - 接收登录请求: wk
2025-06-05 09:23:06.517 [http-nio-8080-exec-5] INFO  c.e.service.impl.UserServiceImpl - 查找用户: wk
2025-06-05 09:23:06.517 [http-nio-8080-exec-5] DEBUG c.e.mapper.UserMapper.findByUsername - ==>  Preparing: SELECT * FROM users WHERE username = ?
2025-06-05 09:23:06.517 [http-nio-8080-exec-5] DEBUG c.e.mapper.UserMapper.findByUsername - ==> Parameters: wk(String)
2025-06-05 09:23:06.521 [http-nio-8080-exec-5] DEBUG c.e.mapper.UserMapper.findByUsername - <==      Total: 1
2025-06-05 09:23:06.593 [http-nio-8080-exec-5] INFO  c.e.service.impl.UserServiceImpl - 更新用户登录时间: 4
2025-06-05 09:23:06.593 [http-nio-8080-exec-5] DEBUG c.e.m.UserMapper.updateLastLoginTime - ==>  Preparing: UPDATE users SET last_login_time = ? WHERE id = ?
2025-06-05 09:23:06.593 [http-nio-8080-exec-5] DEBUG c.e.m.UserMapper.updateLastLoginTime - ==> Parameters: 2025-06-05T09:23:06.593765(LocalDateTime), 4(Long)
2025-06-05 09:23:06.597 [http-nio-8080-exec-5] DEBUG c.e.m.UserMapper.updateLastLoginTime - <==    Updates: 1
2025-06-05 09:23:06.597 [http-nio-8080-exec-5] INFO  c.e.service.impl.UserServiceImpl - 用户登录成功: wk
2025-06-05 09:41:22.579 [http-nio-8080-exec-9] INFO  c.example.controller.AuthController - 接收登录请求: wk
2025-06-05 09:41:22.582 [http-nio-8080-exec-9] INFO  c.e.service.impl.UserServiceImpl - 查找用户: wk
2025-06-05 09:41:22.582 [http-nio-8080-exec-9] DEBUG c.e.mapper.UserMapper.findByUsername - ==>  Preparing: SELECT * FROM users WHERE username = ?
2025-06-05 09:41:22.582 [http-nio-8080-exec-9] DEBUG c.e.mapper.UserMapper.findByUsername - ==> Parameters: wk(String)
2025-06-05 09:41:22.586 [http-nio-8080-exec-9] DEBUG c.e.mapper.UserMapper.findByUsername - <==      Total: 1
2025-06-05 09:41:22.615 [http-nio-8080-exec-9] INFO  c.e.service.impl.UserServiceImpl - 更新用户登录时间: 4
2025-06-05 09:41:22.615 [http-nio-8080-exec-9] DEBUG c.e.m.UserMapper.updateLastLoginTime - ==>  Preparing: UPDATE users SET last_login_time = ? WHERE id = ?
2025-06-05 09:41:22.615 [http-nio-8080-exec-9] DEBUG c.e.m.UserMapper.updateLastLoginTime - ==> Parameters: 2025-06-05T09:41:22.615627400(LocalDateTime), 4(Long)
2025-06-05 09:41:22.618 [http-nio-8080-exec-9] DEBUG c.e.m.UserMapper.updateLastLoginTime - <==    Updates: 1
2025-06-05 09:41:22.618 [http-nio-8080-exec-9] INFO  c.e.service.impl.UserServiceImpl - 用户登录成功: wk
2025-06-05 11:01:23.465 [http-nio-8080-exec-2] INFO  c.example.controller.AuthController - 接收登录请求: wk
2025-06-05 11:01:23.473 [http-nio-8080-exec-2] INFO  c.e.service.impl.UserServiceImpl - 查找用户: wk
2025-06-05 11:01:23.481 [http-nio-8080-exec-2] DEBUG c.e.mapper.UserMapper.findByUsername - ==>  Preparing: SELECT * FROM users WHERE username = ?
2025-06-05 11:01:23.485 [http-nio-8080-exec-2] DEBUG c.e.mapper.UserMapper.findByUsername - ==> Parameters: wk(String)
2025-06-05 11:01:23.504 [http-nio-8080-exec-2] DEBUG c.e.mapper.UserMapper.findByUsername - <==      Total: 1
2025-06-05 11:01:23.606 [http-nio-8080-exec-2] INFO  c.e.service.impl.UserServiceImpl - 更新用户登录时间: 4
2025-06-05 11:01:23.606 [http-nio-8080-exec-2] DEBUG c.e.m.UserMapper.updateLastLoginTime - ==>  Preparing: UPDATE users SET last_login_time = ? WHERE id = ?
2025-06-05 11:01:23.606 [http-nio-8080-exec-2] DEBUG c.e.m.UserMapper.updateLastLoginTime - ==> Parameters: 2025-06-05T11:01:23.606876(LocalDateTime), 4(Long)
2025-06-05 11:01:23.618 [http-nio-8080-exec-2] DEBUG c.e.m.UserMapper.updateLastLoginTime - <==    Updates: 1
2025-06-05 11:01:23.618 [http-nio-8080-exec-2] INFO  c.e.service.impl.UserServiceImpl - 用户登录成功: wk
2025-06-05 13:39:12.520 [HikariPool-1 housekeeper] WARN  com.zaxxer.hikari.pool.HikariPool - HikariPool-1 - Thread starvation or clock leap detected (housekeeper delta=1h58m55s791ms998µs).
2025-06-05 13:52:45.103 [HikariPool-1 housekeeper] WARN  com.zaxxer.hikari.pool.HikariPool - HikariPool-1 - Thread starvation or clock leap detected (housekeeper delta=1m32s525ms173µs900ns).
2025-06-05 16:46:37.955 [background-preinit] INFO  o.h.validator.internal.util.Version - HV000001: Hibernate Validator 6.2.5.Final
2025-06-05 16:46:37.962 [main] INFO  com.example.AimatchApplication - Starting AimatchApplication using Java 11.0.22 on wk with PID 21660 (C:\Users\wk794\IdeaProjects\aimatch\target\classes started by wk794 in C:\Users\wk794\IdeaProjects\aimatch)
2025-06-05 16:46:37.962 [main] DEBUG com.example.AimatchApplication - Running with Spring Boot v2.7.15, Spring v5.3.29
2025-06-05 16:46:37.962 [main] INFO  com.example.AimatchApplication - No active profile set, falling back to 1 default profile: "default"
2025-06-05 16:46:38.456 [main] INFO  o.s.d.r.c.RepositoryConfigurationDelegate - Multiple Spring Data modules found, entering strict repository configuration mode
2025-06-05 16:46:38.459 [main] INFO  o.s.d.r.c.RepositoryConfigurationDelegate - Bootstrapping Spring Data Redis repositories in DEFAULT mode.
2025-06-05 16:46:38.476 [main] INFO  o.s.d.r.c.RepositoryConfigurationDelegate - Finished Spring Data repository scanning in 6 ms. Found 0 Redis repository interfaces.
2025-06-05 16:46:38.809 [main] INFO  o.s.b.w.e.tomcat.TomcatWebServer - Tomcat initialized with port(s): 8080 (http)
2025-06-05 16:46:38.813 [main] INFO  o.a.coyote.http11.Http11NioProtocol - Initializing ProtocolHandler ["http-nio-8080"]
2025-06-05 16:46:38.813 [main] INFO  o.a.catalina.core.StandardService - Starting service [Tomcat]
2025-06-05 16:46:38.813 [main] INFO  o.a.catalina.core.StandardEngine - Starting Servlet engine: [Apache Tomcat/9.0.79]
2025-06-05 16:46:38.903 [main] INFO  o.a.c.c.C.[Tomcat].[localhost].[/] - Initializing Spring embedded WebApplicationContext
2025-06-05 16:46:38.903 [main] INFO  o.s.b.w.s.c.ServletWebServerApplicationContext - Root WebApplicationContext: initialization completed in 913 ms
2025-06-05 16:46:40.077 [main] INFO  o.a.coyote.http11.Http11NioProtocol - Starting ProtocolHandler ["http-nio-8080"]
2025-06-05 16:46:40.093 [main] INFO  o.s.b.w.e.tomcat.TomcatWebServer - Tomcat started on port(s): 8080 (http) with context path ''
2025-06-05 16:46:40.101 [main] INFO  com.example.AimatchApplication - Started AimatchApplication in 2.479 seconds (JVM running for 3.311)
2025-06-05 16:49:10.767 [http-nio-8080-exec-3] INFO  o.a.c.c.C.[Tomcat].[localhost].[/] - Initializing Spring DispatcherServlet 'dispatcherServlet'
2025-06-05 16:49:10.767 [http-nio-8080-exec-3] INFO  o.s.web.servlet.DispatcherServlet - Initializing Servlet 'dispatcherServlet'
2025-06-05 16:49:10.767 [http-nio-8080-exec-3] INFO  o.s.web.servlet.DispatcherServlet - Completed initialization in 0 ms
2025-06-05 16:49:10.827 [http-nio-8080-exec-3] INFO  c.example.controller.AuthController - 接收登录请求: wk
2025-06-05 16:49:10.836 [http-nio-8080-exec-3] INFO  c.e.service.impl.UserServiceImpl - 查找用户: wk
2025-06-05 16:49:10.849 [http-nio-8080-exec-3] INFO  com.zaxxer.hikari.HikariDataSource - HikariPool-1 - Starting...
2025-06-05 16:49:11.179 [http-nio-8080-exec-3] INFO  com.zaxxer.hikari.HikariDataSource - HikariPool-1 - Start completed.
2025-06-05 16:49:11.183 [http-nio-8080-exec-3] DEBUG c.e.mapper.UserMapper.findByUsername - ==>  Preparing: SELECT * FROM users WHERE username = ?
2025-06-05 16:49:11.198 [http-nio-8080-exec-3] DEBUG c.e.mapper.UserMapper.findByUsername - ==> Parameters: wk(String)
2025-06-05 16:49:11.214 [http-nio-8080-exec-3] DEBUG c.e.mapper.UserMapper.findByUsername - <==      Total: 1
2025-06-05 16:49:11.666 [http-nio-8080-exec-3] INFO  c.e.service.impl.UserServiceImpl - 更新用户登录时间: 4
2025-06-05 16:49:11.667 [http-nio-8080-exec-3] DEBUG c.e.m.UserMapper.updateLastLoginTime - ==>  Preparing: UPDATE users SET last_login_time = ? WHERE id = ?
2025-06-05 16:49:11.667 [http-nio-8080-exec-3] DEBUG c.e.m.UserMapper.updateLastLoginTime - ==> Parameters: 2025-06-05T16:49:11.666738100(LocalDateTime), 4(Long)
2025-06-05 16:49:11.671 [http-nio-8080-exec-3] DEBUG c.e.m.UserMapper.updateLastLoginTime - <==    Updates: 1
2025-06-05 16:49:11.671 [http-nio-8080-exec-3] INFO  c.e.service.impl.UserServiceImpl - 用户登录成功: wk
2025-06-05 17:00:38.018 [SpringApplicationShutdownHook] INFO  com.zaxxer.hikari.HikariDataSource - HikariPool-1 - Shutdown initiated...
2025-06-05 17:00:38.026 [SpringApplicationShutdownHook] INFO  com.zaxxer.hikari.HikariDataSource - HikariPool-1 - Shutdown completed.
2025-06-05 17:00:41.543 [background-preinit] INFO  o.h.validator.internal.util.Version - HV000001: Hibernate Validator 6.2.5.Final
2025-06-05 17:00:41.545 [main] INFO  com.example.AimatchApplication - Starting AimatchApplication using Java 11.0.22 on wk with PID 16764 (C:\Users\wk794\IdeaProjects\aimatch\target\classes started by wk794 in C:\Users\wk794\IdeaProjects\aimatch)
2025-06-05 17:00:41.545 [main] DEBUG com.example.AimatchApplication - Running with Spring Boot v2.7.15, Spring v5.3.29
2025-06-05 17:00:41.545 [main] INFO  com.example.AimatchApplication - No active profile set, falling back to 1 default profile: "default"
2025-06-05 17:00:41.940 [main] INFO  o.s.d.r.c.RepositoryConfigurationDelegate - Multiple Spring Data modules found, entering strict repository configuration mode
2025-06-05 17:00:41.943 [main] INFO  o.s.d.r.c.RepositoryConfigurationDelegate - Bootstrapping Spring Data Redis repositories in DEFAULT mode.
2025-06-05 17:00:41.956 [main] INFO  o.s.d.r.c.RepositoryConfigurationDelegate - Finished Spring Data repository scanning in 4 ms. Found 0 Redis repository interfaces.
2025-06-05 17:00:42.252 [main] INFO  o.s.b.w.e.tomcat.TomcatWebServer - Tomcat initialized with port(s): 8080 (http)
2025-06-05 17:00:42.256 [main] INFO  o.a.coyote.http11.Http11NioProtocol - Initializing ProtocolHandler ["http-nio-8080"]
2025-06-05 17:00:42.259 [main] INFO  o.a.catalina.core.StandardService - Starting service [Tomcat]
2025-06-05 17:00:42.259 [main] INFO  o.a.catalina.core.StandardEngine - Starting Servlet engine: [Apache Tomcat/9.0.79]
2025-06-05 17:00:42.329 [main] INFO  o.a.c.c.C.[Tomcat].[localhost].[/] - Initializing Spring embedded WebApplicationContext
2025-06-05 17:00:42.329 [main] INFO  o.s.b.w.s.c.ServletWebServerApplicationContext - Root WebApplicationContext: initialization completed in 758 ms
2025-06-05 17:00:43.302 [main] INFO  o.a.coyote.http11.Http11NioProtocol - Starting ProtocolHandler ["http-nio-8080"]
2025-06-05 17:00:43.314 [main] INFO  o.s.b.w.e.tomcat.TomcatWebServer - Tomcat started on port(s): 8080 (http) with context path ''
2025-06-05 17:00:43.322 [main] INFO  com.example.AimatchApplication - Started AimatchApplication in 2.056 seconds (JVM running for 2.71)
2025-06-05 17:00:46.818 [http-nio-8080-exec-1] INFO  o.a.c.c.C.[Tomcat].[localhost].[/] - Initializing Spring DispatcherServlet 'dispatcherServlet'
2025-06-05 17:00:46.818 [http-nio-8080-exec-1] INFO  o.s.web.servlet.DispatcherServlet - Initializing Servlet 'dispatcherServlet'
2025-06-05 17:00:46.819 [http-nio-8080-exec-1] INFO  o.s.web.servlet.DispatcherServlet - Completed initialization in 1 ms
2025-06-05 17:08:59.305 [background-preinit] INFO  o.h.validator.internal.util.Version - HV000001: Hibernate Validator 6.2.5.Final
2025-06-05 17:08:59.305 [main] INFO  com.example.AimatchApplication - Starting AimatchApplication using Java 11.0.22 on wk with PID 18540 (C:\Users\wk794\IdeaProjects\aimatch\target\classes started by wk794 in C:\Users\wk794\IdeaProjects\aimatch)
2025-06-05 17:08:59.309 [main] DEBUG com.example.AimatchApplication - Running with Spring Boot v2.7.15, Spring v5.3.29
2025-06-05 17:08:59.309 [main] INFO  com.example.AimatchApplication - No active profile set, falling back to 1 default profile: "default"
2025-06-05 17:08:59.719 [main] INFO  o.s.d.r.c.RepositoryConfigurationDelegate - Multiple Spring Data modules found, entering strict repository configuration mode
2025-06-05 17:08:59.721 [main] INFO  o.s.d.r.c.RepositoryConfigurationDelegate - Bootstrapping Spring Data Redis repositories in DEFAULT mode.
2025-06-05 17:08:59.735 [main] INFO  o.s.d.r.c.RepositoryConfigurationDelegate - Finished Spring Data repository scanning in 5 ms. Found 0 Redis repository interfaces.
2025-06-05 17:09:00.029 [main] INFO  o.s.b.w.e.tomcat.TomcatWebServer - Tomcat initialized with port(s): 8080 (http)
2025-06-05 17:09:00.033 [main] INFO  o.a.coyote.http11.Http11NioProtocol - Initializing ProtocolHandler ["http-nio-8080"]
2025-06-05 17:09:00.036 [main] INFO  o.a.catalina.core.StandardService - Starting service [Tomcat]
2025-06-05 17:09:00.036 [main] INFO  o.a.catalina.core.StandardEngine - Starting Servlet engine: [Apache Tomcat/9.0.79]
2025-06-05 17:09:00.104 [main] INFO  o.a.c.c.C.[Tomcat].[localhost].[/] - Initializing Spring embedded WebApplicationContext
2025-06-05 17:09:00.104 [main] INFO  o.s.b.w.s.c.ServletWebServerApplicationContext - Root WebApplicationContext: initialization completed in 768 ms
2025-06-05 17:09:01.118 [main] INFO  o.a.coyote.http11.Http11NioProtocol - Starting ProtocolHandler ["http-nio-8080"]
2025-06-05 17:09:01.129 [main] INFO  o.s.b.w.e.tomcat.TomcatWebServer - Tomcat started on port(s): 8080 (http) with context path ''
2025-06-05 17:09:01.137 [main] INFO  com.example.AimatchApplication - Started AimatchApplication in 2.133 seconds (JVM running for 2.763)
2025-06-05 17:09:18.136 [http-nio-8080-exec-1] INFO  o.a.c.c.C.[Tomcat].[localhost].[/] - Initializing Spring DispatcherServlet 'dispatcherServlet'
2025-06-05 17:09:18.136 [http-nio-8080-exec-1] INFO  o.s.web.servlet.DispatcherServlet - Initializing Servlet 'dispatcherServlet'
2025-06-05 17:09:18.137 [http-nio-8080-exec-1] INFO  o.s.web.servlet.DispatcherServlet - Completed initialization in 1 ms
2025-06-05 17:33:22.965 [http-nio-8080-exec-1] INFO  c.example.controller.AuthController - 接收登录请求: wk
2025-06-05 17:33:22.972 [http-nio-8080-exec-1] INFO  c.e.service.impl.UserServiceImpl - 查找用户: wk
2025-06-05 17:33:22.984 [http-nio-8080-exec-1] INFO  com.zaxxer.hikari.HikariDataSource - HikariPool-1 - Starting...
2025-06-05 17:33:23.070 [http-nio-8080-exec-1] INFO  com.zaxxer.hikari.HikariDataSource - HikariPool-1 - Start completed.
2025-06-05 17:33:23.076 [http-nio-8080-exec-1] DEBUG c.e.mapper.UserMapper.findByUsername - ==>  Preparing: SELECT * FROM users WHERE username = ?
2025-06-05 17:33:23.090 [http-nio-8080-exec-1] DEBUG c.e.mapper.UserMapper.findByUsername - ==> Parameters: wk(String)
2025-06-05 17:33:23.100 [http-nio-8080-exec-1] DEBUG c.e.mapper.UserMapper.findByUsername - <==      Total: 1
2025-06-05 17:33:23.133 [http-nio-8080-exec-1] INFO  c.e.service.impl.UserServiceImpl - 更新用户登录时间: 4
2025-06-05 17:33:23.133 [http-nio-8080-exec-1] DEBUG c.e.m.UserMapper.updateLastLoginTime - ==>  Preparing: UPDATE users SET last_login_time = ? WHERE id = ?
2025-06-05 17:33:23.133 [http-nio-8080-exec-1] DEBUG c.e.m.UserMapper.updateLastLoginTime - ==> Parameters: 2025-06-05T17:33:23.133341(LocalDateTime), 4(Long)
2025-06-05 17:33:23.136 [http-nio-8080-exec-1] DEBUG c.e.m.UserMapper.updateLastLoginTime - <==    Updates: 1
2025-06-05 17:33:23.136 [http-nio-8080-exec-1] INFO  c.e.service.impl.UserServiceImpl - 用户登录成功: wk
2025-06-05 18:04:29.418 [lettuce-nioEventLoop-4-1] INFO  i.l.core.protocol.CommandHandler - null Unexpected exception during request: java.io.IOException: 远程主机强迫关闭了一个现有的连接。
java.io.IOException: 远程主机强迫关闭了一个现有的连接。
	at java.base/sun.nio.ch.SocketDispatcher.read0(Native Method)
	at java.base/sun.nio.ch.SocketDispatcher.read(SocketDispatcher.java:43)
	at java.base/sun.nio.ch.IOUtil.readIntoNativeBuffer(IOUtil.java:276)
	at java.base/sun.nio.ch.IOUtil.read(IOUtil.java:233)
	at java.base/sun.nio.ch.IOUtil.read(IOUtil.java:223)
	at java.base/sun.nio.ch.SocketChannelImpl.read(SocketChannelImpl.java:358)
	at io.netty.buffer.PooledByteBuf.setBytes(PooledByteBuf.java:254)
	at io.netty.buffer.AbstractByteBuf.writeBytes(AbstractByteBuf.java:1132)
	at io.netty.channel.socket.nio.NioSocketChannel.doReadBytes(NioSocketChannel.java:357)
	at io.netty.channel.nio.AbstractNioByteChannel$NioByteUnsafe.read(AbstractNioByteChannel.java:151)
	at io.netty.channel.nio.NioEventLoop.processSelectedKey(NioEventLoop.java:788)
	at io.netty.channel.nio.NioEventLoop.processSelectedKeysOptimized(NioEventLoop.java:724)
	at io.netty.channel.nio.NioEventLoop.processSelectedKeys(NioEventLoop.java:650)
	at io.netty.channel.nio.NioEventLoop.run(NioEventLoop.java:562)
	at io.netty.util.concurrent.SingleThreadEventExecutor$4.run(SingleThreadEventExecutor.java:997)
	at io.netty.util.internal.ThreadExecutorMap$2.run(ThreadExecutorMap.java:74)
	at io.netty.util.concurrent.FastThreadLocalRunnable.run(FastThreadLocalRunnable.java:30)
	at java.base/java.lang.Thread.run(Thread.java:834)
2025-06-05 18:04:29.453 [lettuce-eventExecutorLoop-1-7] INFO  i.l.core.protocol.ConnectionWatchdog - Reconnecting, last destination was /192.168.64.128:6379
