2025-07-09 14:57:36.821 [background-preinit] INFO  o.h.validator.internal.util.Version - HV000001: Hibernate Validator 6.2.5.Final
2025-07-09 14:57:36.830 [main] INFO  com.example.AimatchApplication - Starting AimatchApplication using Java 11.0.22 on wk with PID 15388 (D:\指标建设\AIMatch\aimatch\target\classes started by wk794 in D:\指标建设\AIMatch\aimatch)
2025-07-09 14:57:36.831 [main] DEBUG com.example.AimatchApplication - Running with Spring Boot v2.7.15, Spring v5.3.29
2025-07-09 14:57:36.831 [main] INFO  com.example.AimatchApplication - No active profile set, falling back to 1 default profile: "default"
2025-07-09 14:57:37.491 [main] INFO  o.s.d.r.c.RepositoryConfigurationDelegate - Multiple Spring Data modules found, entering strict repository configuration mode
2025-07-09 14:57:37.493 [main] INFO  o.s.d.r.c.RepositoryConfigurationDelegate - Bootstrapping Spring Data Redis repositories in DEFAULT mode.
2025-07-09 14:57:37.516 [main] INFO  o.s.d.r.c.RepositoryConfigurationDelegate - Finished Spring Data repository scanning in 11 ms. Found 0 Redis repository interfaces.
2025-07-09 14:57:37.951 [main] INFO  o.s.b.w.e.tomcat.TomcatWebServer - Tomcat initialized with port(s): 8080 (http)
2025-07-09 14:57:37.957 [main] INFO  o.a.coyote.http11.Http11NioProtocol - Initializing ProtocolHandler ["http-nio-8080"]
2025-07-09 14:57:37.958 [main] INFO  o.a.catalina.core.StandardService - Starting service [Tomcat]
2025-07-09 14:57:37.958 [main] INFO  o.a.catalina.core.StandardEngine - Starting Servlet engine: [Apache Tomcat/9.0.79]
2025-07-09 14:57:38.054 [main] INFO  o.a.c.c.C.[Tomcat].[localhost].[/] - Initializing Spring embedded WebApplicationContext
2025-07-09 14:57:38.054 [main] INFO  o.s.b.w.s.c.ServletWebServerApplicationContext - Root WebApplicationContext: initialization completed in 1189 ms
2025-07-09 14:57:38.444 [main] WARN  c.b.m.core.metadata.TableInfoHelper - Can not find table primary key in Class: "com.example.entity.TImMessage".
2025-07-09 14:57:38.444 [main] WARN  c.b.m.c.injector.DefaultSqlInjector - class com.example.entity.TImMessage ,Not found @TableId annotation, Cannot use Mybatis-Plus 'xxById' Method.
2025-07-09 14:57:39.333 [main] INFO  com.example.config.Knife4jConfig - http://localhost:8080/doc.html
2025-07-09 14:57:40.108 [main] INFO  o.a.coyote.http11.Http11NioProtocol - Starting ProtocolHandler ["http-nio-8080"]
2025-07-09 14:57:40.115 [main] INFO  o.s.b.w.e.tomcat.TomcatWebServer - Tomcat started on port(s): 8080 (http) with context path ''
2025-07-09 14:57:40.243 [main] WARN  s.d.s.r.o.OperationImplicitParameterReader - Unable to interpret the implicit parameter configuration with dataType: file, dataTypeClass: class java.lang.Void
2025-07-09 14:57:40.247 [main] WARN  s.d.b.FormParameterSpecificationProvider - Parameter should either be a simple or a content type
2025-07-09 14:57:40.280 [main] WARN  s.d.s.r.o.OperationImplicitParameterReader - Unable to interpret the implicit parameter configuration with dataType: string, dataTypeClass: class java.lang.Void
2025-07-09 14:57:40.281 [main] WARN  s.d.s.r.o.OperationImplicitParameterReader - Unable to interpret the implicit parameter configuration with dataType: string, dataTypeClass: class java.lang.Void
2025-07-09 14:57:40.281 [main] WARN  s.d.s.r.o.OperationImplicitParameterReader - Unable to interpret the implicit parameter configuration with dataType: string, dataTypeClass: class java.lang.Void
2025-07-09 14:57:40.281 [main] WARN  s.d.s.r.o.OperationImplicitParameterReader - Unable to interpret the implicit parameter configuration with dataType: string, dataTypeClass: class java.lang.Void
2025-07-09 14:57:40.285 [main] WARN  s.d.s.r.o.OperationImplicitParameterReader - Unable to interpret the implicit parameter configuration with dataType: file, dataTypeClass: class java.lang.Void
2025-07-09 14:57:40.286 [main] WARN  s.d.b.FormParameterSpecificationProvider - Parameter should either be a simple or a content type
2025-07-09 14:57:40.286 [main] WARN  s.d.s.r.o.OperationImplicitParameterReader - Unable to interpret the implicit parameter configuration with dataType: string, dataTypeClass: class java.lang.Void
2025-07-09 14:57:40.387 [main] WARN  s.d.s.r.o.OperationImplicitParameterReader - Unable to interpret the implicit parameter configuration with dataType: file, dataTypeClass: class java.lang.Void
2025-07-09 14:57:40.387 [main] WARN  s.d.b.FormParameterSpecificationProvider - Parameter should either be a simple or a content type
2025-07-09 14:57:40.388 [main] WARN  s.d.s.r.o.OperationImplicitParameterReader - Unable to interpret the implicit parameter configuration with dataType: file, dataTypeClass: class java.lang.Void
2025-07-09 14:57:40.388 [main] WARN  s.d.b.FormParameterSpecificationProvider - Parameter should either be a simple or a content type
2025-07-09 14:57:40.419 [main] WARN  s.d.s.r.o.OperationImplicitParameterReader - Unable to interpret the implicit parameter configuration with dataType: Map<String, Object>, dataTypeClass: class java.lang.Void
2025-07-09 14:57:40.419 [main] WARN  s.d.b.BodyParameterSpecificationProvider - Parameter should either be a simple or a content type
2025-07-09 14:57:40.447 [main] INFO  com.example.AimatchApplication - Started AimatchApplication in 3.997 seconds (JVM running for 5.76)
2025-07-09 14:57:46.199 [http-nio-8080-exec-1] INFO  o.a.c.c.C.[Tomcat].[localhost].[/] - Initializing Spring DispatcherServlet 'dispatcherServlet'
2025-07-09 14:57:46.199 [http-nio-8080-exec-1] INFO  o.s.web.servlet.DispatcherServlet - Initializing Servlet 'dispatcherServlet'
2025-07-09 14:57:46.200 [http-nio-8080-exec-1] INFO  o.s.web.servlet.DispatcherServlet - Completed initialization in 1 ms
2025-07-09 17:20:22.844 [background-preinit] INFO  o.h.validator.internal.util.Version - HV000001: Hibernate Validator 6.2.5.Final
2025-07-09 17:20:22.844 [main] INFO  com.example.AimatchApplication - Starting AimatchApplication using Java 11.0.22 on wk with PID 26784 (D:\指标建设\AIMatch\aimatch\target\classes started by wk794 in D:\指标建设\AIMatch\aimatch)
2025-07-09 17:20:22.845 [main] DEBUG com.example.AimatchApplication - Running with Spring Boot v2.7.15, Spring v5.3.29
2025-07-09 17:20:22.846 [main] INFO  com.example.AimatchApplication - No active profile set, falling back to 1 default profile: "default"
2025-07-09 17:20:23.404 [main] INFO  o.s.d.r.c.RepositoryConfigurationDelegate - Multiple Spring Data modules found, entering strict repository configuration mode
2025-07-09 17:20:23.405 [main] INFO  o.s.d.r.c.RepositoryConfigurationDelegate - Bootstrapping Spring Data Redis repositories in DEFAULT mode.
2025-07-09 17:20:23.425 [main] INFO  o.s.d.r.c.RepositoryConfigurationDelegate - Finished Spring Data repository scanning in 11 ms. Found 0 Redis repository interfaces.
2025-07-09 17:20:23.802 [main] INFO  o.s.b.w.e.tomcat.TomcatWebServer - Tomcat initialized with port(s): 8080 (http)
2025-07-09 17:20:23.808 [main] INFO  o.a.coyote.http11.Http11NioProtocol - Initializing ProtocolHandler ["http-nio-8080"]
2025-07-09 17:20:23.809 [main] INFO  o.a.catalina.core.StandardService - Starting service [Tomcat]
2025-07-09 17:20:23.809 [main] INFO  o.a.catalina.core.StandardEngine - Starting Servlet engine: [Apache Tomcat/9.0.79]
2025-07-09 17:20:23.894 [main] INFO  o.a.c.c.C.[Tomcat].[localhost].[/] - Initializing Spring embedded WebApplicationContext
2025-07-09 17:20:23.894 [main] INFO  o.s.b.w.s.c.ServletWebServerApplicationContext - Root WebApplicationContext: initialization completed in 1022 ms
2025-07-09 17:20:24.258 [main] WARN  c.b.m.core.metadata.TableInfoHelper - Can not find table primary key in Class: "com.example.entity.TImMessage".
2025-07-09 17:20:24.258 [main] WARN  c.b.m.c.injector.DefaultSqlInjector - class com.example.entity.TImMessage ,Not found @TableId annotation, Cannot use Mybatis-Plus 'xxById' Method.
2025-07-09 17:20:24.794 [main] WARN  o.s.b.w.s.c.AnnotationConfigServletWebServerApplicationContext - Exception encountered during context initialization - cancelling refresh attempt: org.springframework.beans.factory.UnsatisfiedDependencyException: Error creating bean with name 'employeeController': Unsatisfied dependency expressed through field 'tResumeBaseInfoService'; nested exception is org.springframework.beans.factory.UnsatisfiedDependencyException: Error creating bean with name 'TResumeBaseInfoServiceImpl': Unsatisfied dependency expressed through field 'tResumeBaseInfoService'; nested exception is org.springframework.beans.factory.BeanCurrentlyInCreationException: Error creating bean with name 'TResumeBaseInfoServiceImpl': Requested bean is currently in creation: Is there an unresolvable circular reference?
2025-07-09 17:20:24.796 [main] INFO  o.a.catalina.core.StandardService - Stopping service [Tomcat]
2025-07-09 17:20:24.804 [main] INFO  o.s.b.a.l.ConditionEvaluationReportLoggingListener - 

Error starting ApplicationContext. To display the conditions report re-run your application with 'debug' enabled.
2025-07-09 17:20:24.817 [main] ERROR o.s.b.d.LoggingFailureAnalysisReporter - 

***************************
APPLICATION FAILED TO START
***************************

Description:

The dependencies of some of the beans in the application context form a cycle:

   employeeController (field private com.example.service.TResumeBaseInfoService com.example.controller.EmployeeController.tResumeBaseInfoService)
┌─────┐
|  TResumeBaseInfoServiceImpl (field private com.example.service.TResumeBaseInfoService com.example.service.impl.TResumeBaseInfoServiceImpl.tResumeBaseInfoService)
└─────┘


Action:

Relying upon circular references is discouraged and they are prohibited by default. Update your application to remove the dependency cycle between beans. As a last resort, it may be possible to break the cycle automatically by setting spring.main.allow-circular-references to true.

2025-07-09 17:21:27.554 [background-preinit] INFO  o.h.validator.internal.util.Version - HV000001: Hibernate Validator 6.2.5.Final
2025-07-09 17:21:27.555 [main] INFO  com.example.AimatchApplication - Starting AimatchApplication using Java 11.0.22 on wk with PID 3116 (D:\指标建设\AIMatch\aimatch\target\classes started by wk794 in D:\指标建设\AIMatch\aimatch)
2025-07-09 17:21:27.556 [main] DEBUG com.example.AimatchApplication - Running with Spring Boot v2.7.15, Spring v5.3.29
2025-07-09 17:21:27.556 [main] INFO  com.example.AimatchApplication - No active profile set, falling back to 1 default profile: "default"
2025-07-09 17:21:28.114 [main] INFO  o.s.d.r.c.RepositoryConfigurationDelegate - Multiple Spring Data modules found, entering strict repository configuration mode
2025-07-09 17:21:28.116 [main] INFO  o.s.d.r.c.RepositoryConfigurationDelegate - Bootstrapping Spring Data Redis repositories in DEFAULT mode.
2025-07-09 17:21:28.136 [main] INFO  o.s.d.r.c.RepositoryConfigurationDelegate - Finished Spring Data repository scanning in 11 ms. Found 0 Redis repository interfaces.
2025-07-09 17:21:28.464 [main] INFO  o.s.b.w.e.tomcat.TomcatWebServer - Tomcat initialized with port(s): 8080 (http)
2025-07-09 17:21:28.470 [main] INFO  o.a.coyote.http11.Http11NioProtocol - Initializing ProtocolHandler ["http-nio-8080"]
2025-07-09 17:21:28.470 [main] INFO  o.a.catalina.core.StandardService - Starting service [Tomcat]
2025-07-09 17:21:28.470 [main] INFO  o.a.catalina.core.StandardEngine - Starting Servlet engine: [Apache Tomcat/9.0.79]
2025-07-09 17:21:28.541 [main] INFO  o.a.c.c.C.[Tomcat].[localhost].[/] - Initializing Spring embedded WebApplicationContext
2025-07-09 17:21:28.541 [main] INFO  o.s.b.w.s.c.ServletWebServerApplicationContext - Root WebApplicationContext: initialization completed in 961 ms
2025-07-09 17:21:28.871 [main] WARN  c.b.m.core.metadata.TableInfoHelper - Can not find table primary key in Class: "com.example.entity.TImMessage".
2025-07-09 17:21:28.871 [main] WARN  c.b.m.c.injector.DefaultSqlInjector - class com.example.entity.TImMessage ,Not found @TableId annotation, Cannot use Mybatis-Plus 'xxById' Method.
2025-07-09 17:21:29.479 [main] WARN  o.s.b.w.s.c.AnnotationConfigServletWebServerApplicationContext - Exception encountered during context initialization - cancelling refresh attempt: org.springframework.beans.factory.UnsatisfiedDependencyException: Error creating bean with name 'employeeController': Unsatisfied dependency expressed through field 'tResumeBaseInfoService'; nested exception is org.springframework.beans.factory.UnsatisfiedDependencyException: Error creating bean with name 'TResumeBaseInfoServiceImpl': Unsatisfied dependency expressed through field 'tResumeBaseInfoService'; nested exception is org.springframework.beans.factory.BeanCurrentlyInCreationException: Error creating bean with name 'TResumeBaseInfoServiceImpl': Requested bean is currently in creation: Is there an unresolvable circular reference?
2025-07-09 17:21:29.481 [main] INFO  o.a.catalina.core.StandardService - Stopping service [Tomcat]
2025-07-09 17:21:29.490 [main] INFO  o.s.b.a.l.ConditionEvaluationReportLoggingListener - 

Error starting ApplicationContext. To display the conditions report re-run your application with 'debug' enabled.
2025-07-09 17:21:29.499 [main] ERROR o.s.b.d.LoggingFailureAnalysisReporter - 

***************************
APPLICATION FAILED TO START
***************************

Description:

The dependencies of some of the beans in the application context form a cycle:

   employeeController (field private com.example.service.TResumeBaseInfoService com.example.controller.EmployeeController.tResumeBaseInfoService)
┌─────┐
|  TResumeBaseInfoServiceImpl (field private com.example.service.TResumeBaseInfoService com.example.service.impl.TResumeBaseInfoServiceImpl.tResumeBaseInfoService)
└─────┘


Action:

Relying upon circular references is discouraged and they are prohibited by default. Update your application to remove the dependency cycle between beans. As a last resort, it may be possible to break the cycle automatically by setting spring.main.allow-circular-references to true.

2025-07-09 17:24:08.372 [background-preinit] INFO  o.h.validator.internal.util.Version - HV000001: Hibernate Validator 6.2.5.Final
2025-07-09 17:24:08.373 [main] INFO  com.example.AimatchApplication - Starting AimatchApplication using Java 11.0.22 on wk with PID 24040 (D:\指标建设\AIMatch\aimatch\target\classes started by wk794 in D:\指标建设\AIMatch\aimatch)
2025-07-09 17:24:08.375 [main] DEBUG com.example.AimatchApplication - Running with Spring Boot v2.7.15, Spring v5.3.29
2025-07-09 17:24:08.375 [main] INFO  com.example.AimatchApplication - No active profile set, falling back to 1 default profile: "default"
2025-07-09 17:24:08.932 [main] INFO  o.s.d.r.c.RepositoryConfigurationDelegate - Multiple Spring Data modules found, entering strict repository configuration mode
2025-07-09 17:24:08.933 [main] INFO  o.s.d.r.c.RepositoryConfigurationDelegate - Bootstrapping Spring Data Redis repositories in DEFAULT mode.
2025-07-09 17:24:08.957 [main] INFO  o.s.d.r.c.RepositoryConfigurationDelegate - Finished Spring Data repository scanning in 15 ms. Found 0 Redis repository interfaces.
2025-07-09 17:24:09.368 [main] INFO  o.s.b.w.e.tomcat.TomcatWebServer - Tomcat initialized with port(s): 8080 (http)
2025-07-09 17:24:09.374 [main] INFO  o.a.coyote.http11.Http11NioProtocol - Initializing ProtocolHandler ["http-nio-8080"]
2025-07-09 17:24:09.374 [main] INFO  o.a.catalina.core.StandardService - Starting service [Tomcat]
2025-07-09 17:24:09.374 [main] INFO  o.a.catalina.core.StandardEngine - Starting Servlet engine: [Apache Tomcat/9.0.79]
2025-07-09 17:24:09.448 [main] INFO  o.a.c.c.C.[Tomcat].[localhost].[/] - Initializing Spring embedded WebApplicationContext
2025-07-09 17:24:09.448 [main] INFO  o.s.b.w.s.c.ServletWebServerApplicationContext - Root WebApplicationContext: initialization completed in 1044 ms
2025-07-09 17:24:09.790 [main] WARN  c.b.m.core.metadata.TableInfoHelper - Can not find table primary key in Class: "com.example.entity.TImMessage".
2025-07-09 17:24:09.790 [main] WARN  c.b.m.c.injector.DefaultSqlInjector - class com.example.entity.TImMessage ,Not found @TableId annotation, Cannot use Mybatis-Plus 'xxById' Method.
2025-07-09 17:24:10.635 [main] INFO  com.example.config.Knife4jConfig - http://localhost:8080/doc.html
2025-07-09 17:24:11.345 [main] INFO  o.a.coyote.http11.Http11NioProtocol - Starting ProtocolHandler ["http-nio-8080"]
2025-07-09 17:24:11.352 [main] INFO  o.s.b.w.e.tomcat.TomcatWebServer - Tomcat started on port(s): 8080 (http) with context path ''
2025-07-09 17:24:11.461 [main] WARN  s.d.s.r.o.OperationImplicitParameterReader - Unable to interpret the implicit parameter configuration with dataType: file, dataTypeClass: class java.lang.Void
2025-07-09 17:24:11.464 [main] WARN  s.d.b.FormParameterSpecificationProvider - Parameter should either be a simple or a content type
2025-07-09 17:24:11.520 [main] WARN  s.d.s.r.o.OperationImplicitParameterReader - Unable to interpret the implicit parameter configuration with dataType: string, dataTypeClass: class java.lang.Void
2025-07-09 17:24:11.520 [main] WARN  s.d.s.r.o.OperationImplicitParameterReader - Unable to interpret the implicit parameter configuration with dataType: string, dataTypeClass: class java.lang.Void
2025-07-09 17:24:11.521 [main] WARN  s.d.s.r.o.OperationImplicitParameterReader - Unable to interpret the implicit parameter configuration with dataType: string, dataTypeClass: class java.lang.Void
2025-07-09 17:24:11.521 [main] WARN  s.d.s.r.o.OperationImplicitParameterReader - Unable to interpret the implicit parameter configuration with dataType: string, dataTypeClass: class java.lang.Void
2025-07-09 17:24:11.524 [main] WARN  s.d.s.r.o.OperationImplicitParameterReader - Unable to interpret the implicit parameter configuration with dataType: file, dataTypeClass: class java.lang.Void
2025-07-09 17:24:11.525 [main] WARN  s.d.b.FormParameterSpecificationProvider - Parameter should either be a simple or a content type
2025-07-09 17:24:11.525 [main] WARN  s.d.s.r.o.OperationImplicitParameterReader - Unable to interpret the implicit parameter configuration with dataType: string, dataTypeClass: class java.lang.Void
2025-07-09 17:24:11.625 [main] WARN  s.d.s.r.o.OperationImplicitParameterReader - Unable to interpret the implicit parameter configuration with dataType: file, dataTypeClass: class java.lang.Void
2025-07-09 17:24:11.625 [main] WARN  s.d.b.FormParameterSpecificationProvider - Parameter should either be a simple or a content type
2025-07-09 17:24:11.625 [main] WARN  s.d.s.r.o.OperationImplicitParameterReader - Unable to interpret the implicit parameter configuration with dataType: file, dataTypeClass: class java.lang.Void
2025-07-09 17:24:11.625 [main] WARN  s.d.b.FormParameterSpecificationProvider - Parameter should either be a simple or a content type
2025-07-09 17:24:11.657 [main] WARN  s.d.s.r.o.OperationImplicitParameterReader - Unable to interpret the implicit parameter configuration with dataType: Map<String, Object>, dataTypeClass: class java.lang.Void
2025-07-09 17:24:11.657 [main] WARN  s.d.b.BodyParameterSpecificationProvider - Parameter should either be a simple or a content type
2025-07-09 17:24:11.686 [main] INFO  com.example.AimatchApplication - Started AimatchApplication in 3.62 seconds (JVM running for 4.272)
2025-07-09 17:24:15.087 [http-nio-8080-exec-1] INFO  o.a.c.c.C.[Tomcat].[localhost].[/] - Initializing Spring DispatcherServlet 'dispatcherServlet'
2025-07-09 17:24:15.087 [http-nio-8080-exec-1] INFO  o.s.web.servlet.DispatcherServlet - Initializing Servlet 'dispatcherServlet'
2025-07-09 17:24:15.088 [http-nio-8080-exec-1] INFO  o.s.web.servlet.DispatcherServlet - Completed initialization in 0 ms
2025-07-09 17:24:45.311 [http-nio-8080-exec-3] ERROR c.e.exception.GlobalExceptionHandler - 用户未登录或Token无效: 未能读取到有效Token
cn.dev33.satoken.exception.NotLoginException: 未能读取到有效Token
	at cn.dev33.satoken.exception.NotLoginException.newInstance(NotLoginException.java:137)
	at cn.dev33.satoken.exception.NotLoginException.newInstance(NotLoginException.java:104)
	at cn.dev33.satoken.stp.StpLogic.getLoginId(StpLogic.java:673)
	at cn.dev33.satoken.stp.StpUtil.getLoginId(StpUtil.java:297)
	at com.example.service.impl.TResumeBaseInfoServiceImpl.getResumeDetail(TResumeBaseInfoServiceImpl.java:429)
	at com.example.service.impl.TResumeBaseInfoServiceImpl$$FastClassBySpringCGLIB$$f702a0d9.invoke(<generated>)
	at org.springframework.cglib.proxy.MethodProxy.invoke(MethodProxy.java:218)
	at org.springframework.aop.framework.CglibAopProxy.invokeMethod(CglibAopProxy.java:386)
	at org.springframework.aop.framework.CglibAopProxy.access$000(CglibAopProxy.java:85)
	at org.springframework.aop.framework.CglibAopProxy$DynamicAdvisedInterceptor.intercept(CglibAopProxy.java:704)
	at com.example.service.impl.TResumeBaseInfoServiceImpl$$EnhancerBySpringCGLIB$$bd709e9a.getResumeDetail(<generated>)
	at com.example.controller.EmployeeController.getResumeDetail(EmployeeController.java:102)
	at java.base/jdk.internal.reflect.NativeMethodAccessorImpl.invoke0(Native Method)
	at java.base/jdk.internal.reflect.NativeMethodAccessorImpl.invoke(NativeMethodAccessorImpl.java:62)
	at java.base/jdk.internal.reflect.DelegatingMethodAccessorImpl.invoke(DelegatingMethodAccessorImpl.java:43)
	at java.base/java.lang.reflect.Method.invoke(Method.java:566)
	at org.springframework.web.method.support.InvocableHandlerMethod.doInvoke(InvocableHandlerMethod.java:205)
	at org.springframework.web.method.support.InvocableHandlerMethod.invokeForRequest(InvocableHandlerMethod.java:150)
	at org.springframework.web.servlet.mvc.method.annotation.ServletInvocableHandlerMethod.invokeAndHandle(ServletInvocableHandlerMethod.java:117)
	at org.springframework.web.servlet.mvc.method.annotation.RequestMappingHandlerAdapter.invokeHandlerMethod(RequestMappingHandlerAdapter.java:895)
	at org.springframework.web.servlet.mvc.method.annotation.RequestMappingHandlerAdapter.handleInternal(RequestMappingHandlerAdapter.java:808)
	at org.springframework.web.servlet.mvc.method.AbstractHandlerMethodAdapter.handle(AbstractHandlerMethodAdapter.java:87)
	at org.springframework.web.servlet.DispatcherServlet.doDispatch(DispatcherServlet.java:1072)
	at org.springframework.web.servlet.DispatcherServlet.doService(DispatcherServlet.java:965)
	at org.springframework.web.servlet.FrameworkServlet.processRequest(FrameworkServlet.java:1006)
	at org.springframework.web.servlet.FrameworkServlet.doGet(FrameworkServlet.java:898)
	at javax.servlet.http.HttpServlet.service(HttpServlet.java:529)
	at org.springframework.web.servlet.FrameworkServlet.service(FrameworkServlet.java:883)
	at javax.servlet.http.HttpServlet.service(HttpServlet.java:623)
	at org.apache.catalina.core.ApplicationFilterChain.internalDoFilter(ApplicationFilterChain.java:209)
	at org.apache.catalina.core.ApplicationFilterChain.doFilter(ApplicationFilterChain.java:153)
	at org.apache.tomcat.websocket.server.WsFilter.doFilter(WsFilter.java:51)
	at org.apache.catalina.core.ApplicationFilterChain.internalDoFilter(ApplicationFilterChain.java:178)
	at org.apache.catalina.core.ApplicationFilterChain.doFilter(ApplicationFilterChain.java:153)
	at org.springframework.web.filter.RequestContextFilter.doFilterInternal(RequestContextFilter.java:100)
	at org.springframework.web.filter.OncePerRequestFilter.doFilter(OncePerRequestFilter.java:117)
	at org.apache.catalina.core.ApplicationFilterChain.internalDoFilter(ApplicationFilterChain.java:178)
	at org.apache.catalina.core.ApplicationFilterChain.doFilter(ApplicationFilterChain.java:153)
	at org.springframework.web.filter.FormContentFilter.doFilterInternal(FormContentFilter.java:93)
	at org.springframework.web.filter.OncePerRequestFilter.doFilter(OncePerRequestFilter.java:117)
	at org.apache.catalina.core.ApplicationFilterChain.internalDoFilter(ApplicationFilterChain.java:178)
	at org.apache.catalina.core.ApplicationFilterChain.doFilter(ApplicationFilterChain.java:153)
	at org.springframework.web.filter.CharacterEncodingFilter.doFilterInternal(CharacterEncodingFilter.java:201)
	at org.springframework.web.filter.OncePerRequestFilter.doFilter(OncePerRequestFilter.java:117)
	at org.apache.catalina.core.ApplicationFilterChain.internalDoFilter(ApplicationFilterChain.java:178)
	at org.apache.catalina.core.ApplicationFilterChain.doFilter(ApplicationFilterChain.java:153)
	at org.apache.catalina.core.StandardWrapperValve.invoke(StandardWrapperValve.java:167)
	at org.apache.catalina.core.StandardContextValve.invoke(StandardContextValve.java:90)
	at org.apache.catalina.authenticator.AuthenticatorBase.invoke(AuthenticatorBase.java:481)
	at org.apache.catalina.core.StandardHostValve.invoke(StandardHostValve.java:130)
	at org.apache.catalina.valves.ErrorReportValve.invoke(ErrorReportValve.java:93)
	at org.apache.catalina.core.StandardEngineValve.invoke(StandardEngineValve.java:74)
	at org.apache.catalina.connector.CoyoteAdapter.service(CoyoteAdapter.java:343)
	at org.apache.coyote.http11.Http11Processor.service(Http11Processor.java:390)
	at org.apache.coyote.AbstractProcessorLight.process(AbstractProcessorLight.java:63)
	at org.apache.coyote.AbstractProtocol$ConnectionHandler.process(AbstractProtocol.java:926)
	at org.apache.tomcat.util.net.NioEndpoint$SocketProcessor.doRun(NioEndpoint.java:1790)
	at org.apache.tomcat.util.net.SocketProcessorBase.run(SocketProcessorBase.java:52)
	at org.apache.tomcat.util.threads.ThreadPoolExecutor.runWorker(ThreadPoolExecutor.java:1191)
	at org.apache.tomcat.util.threads.ThreadPoolExecutor$Worker.run(ThreadPoolExecutor.java:659)
	at org.apache.tomcat.util.threads.TaskThread$WrappingRunnable.run(TaskThread.java:61)
	at java.base/java.lang.Thread.run(Thread.java:834)
2025-07-09 17:24:52.358 [http-nio-8080-exec-6] INFO  c.example.controller.AuthController - 接收登录请求: wk1
2025-07-09 17:24:52.370 [http-nio-8080-exec-6] INFO  c.e.service.impl.TUserServiceImpl - 查找用户: wk1
2025-07-09 17:24:52.469 [http-nio-8080-exec-6] INFO  com.zaxxer.hikari.HikariDataSource - HikariPool-1 - Starting...
2025-07-09 17:24:52.732 [http-nio-8080-exec-6] INFO  com.zaxxer.hikari.HikariDataSource - HikariPool-1 - Start completed.
2025-07-09 17:24:52.750 [http-nio-8080-exec-6] DEBUG c.e.mapper.TUserMapper.selectList - ==>  Preparing: SELECT user_id,user_type,account,password,avatar FROM t_user WHERE (account = ?)
2025-07-09 17:24:52.789 [http-nio-8080-exec-6] DEBUG c.e.mapper.TUserMapper.selectList - ==> Parameters: wk1(String)
2025-07-09 17:24:52.826 [http-nio-8080-exec-6] DEBUG c.e.mapper.TUserMapper.selectList - <==      Total: 1
2025-07-09 17:24:53.610 [http-nio-8080-exec-6] INFO  c.e.service.impl.TUserServiceImpl - 用户登录成功: wk1
2025-07-09 17:25:04.006 [http-nio-8080-exec-4] DEBUG c.e.mapper.TUserMapper.selectById - ==>  Preparing: SELECT user_id,user_type,account,password,avatar FROM t_user WHERE user_id=?
2025-07-09 17:25:04.007 [http-nio-8080-exec-4] DEBUG c.e.mapper.TUserMapper.selectById - ==> Parameters: 1941064778792763394(String)
2025-07-09 17:25:04.009 [http-nio-8080-exec-4] DEBUG c.e.mapper.TUserMapper.selectById - <==      Total: 1
2025-07-09 17:25:04.017 [http-nio-8080-exec-4] DEBUG c.e.m.T.selectList - ==>  Preparing: SELECT resume_id,user_id,skills,certs,job_search_status,personal_strengths FROM t_resume_base_info WHERE (user_id = ?)
2025-07-09 17:25:04.018 [http-nio-8080-exec-4] DEBUG c.e.m.T.selectList - ==> Parameters: 1941064778792763394(String)
2025-07-09 17:25:04.021 [http-nio-8080-exec-4] DEBUG c.e.m.T.selectList - <==      Total: 1
2025-07-09 17:25:04.031 [http-nio-8080-exec-4] DEBUG c.e.m.TEmployeeMapper.selectList - ==>  Preparing: SELECT user_id,name,gender,identity,birth_date,age,residentia_address,start_work_date,work_experience,mobile,mail FROM t_employee WHERE (user_id = ?)
2025-07-09 17:25:04.032 [http-nio-8080-exec-4] DEBUG c.e.m.TEmployeeMapper.selectList - ==> Parameters: 1941064778792763394(String)
2025-07-09 17:25:04.036 [http-nio-8080-exec-4] DEBUG c.e.m.TEmployeeMapper.selectList - <==      Total: 1
2025-07-09 17:25:04.047 [http-nio-8080-exec-4] DEBUG c.e.m.TResumeWorkMapper.selectList - ==>  Preparing: SELECT work_id,work_index,resume_id,position_name,company_name,begin_date,end_date,work_desc FROM t_resume_work WHERE (resume_id = ?)
2025-07-09 17:25:04.048 [http-nio-8080-exec-4] DEBUG c.e.m.TResumeWorkMapper.selectList - ==> Parameters: 1941065346588278786(String)
2025-07-09 17:25:04.053 [http-nio-8080-exec-4] DEBUG c.e.m.TResumeWorkMapper.selectList - <==      Total: 1
2025-07-09 17:25:04.062 [http-nio-8080-exec-4] DEBUG c.e.m.T.selectList - ==>  Preparing: SELECT education_id,education_index,resume_id,degree,college,major,begin_date,end_date FROM t_resume_education WHERE (resume_id = ?)
2025-07-09 17:25:04.063 [http-nio-8080-exec-4] DEBUG c.e.m.T.selectList - ==> Parameters: 1941065346588278786(String)
2025-07-09 17:25:04.066 [http-nio-8080-exec-4] DEBUG c.e.m.T.selectList - <==      Total: 1
2025-07-09 17:25:04.076 [http-nio-8080-exec-4] DEBUG c.e.m.T.selectList - ==>  Preparing: SELECT project_id,project_index,resume_id,position_name,project_name,begin_date,end_date,project_desc,project_achievements FROM t_resume_project WHERE (resume_id = ?)
2025-07-09 17:25:04.077 [http-nio-8080-exec-4] DEBUG c.e.m.T.selectList - ==> Parameters: 1941065346588278786(String)
2025-07-09 17:25:04.080 [http-nio-8080-exec-4] DEBUG c.e.m.T.selectList - <==      Total: 1
2025-07-09 17:25:04.090 [http-nio-8080-exec-4] DEBUG c.e.m.T.selectList - ==>  Preparing: SELECT interest_id,interest_index,resume_id,job_category,position_name,city,salary_lower_limit,salary_upper_limit,salary_month FROM t_resume_interest_job WHERE (resume_id = ?)
2025-07-09 17:25:04.091 [http-nio-8080-exec-4] DEBUG c.e.m.T.selectList - ==> Parameters: 1941065346588278786(String)
2025-07-09 17:25:04.095 [http-nio-8080-exec-4] DEBUG c.e.m.T.selectList - <==      Total: 1
2025-07-09 17:25:35.180 [http-nio-8080-exec-8] DEBUG c.e.m.TImMessageMapper.selectList - ==>  Preparing: SELECT position_id,resume_id,message_index,user_id,user_type,message,create_time FROM t_im_message WHERE (position_id = ? AND resume_id = ?) ORDER BY message_index ASC
2025-07-09 17:25:35.181 [http-nio-8080-exec-8] DEBUG c.e.m.TImMessageMapper.selectList - ==> Parameters: 1938178877821423617(String), 1941065346588278786(String)
2025-07-09 17:25:35.185 [http-nio-8080-exec-8] DEBUG c.e.m.TImMessageMapper.selectList - <==      Total: 3
